2026-05-24 11:16:24,883 - INFO - Alpha V10.6 启动
2026-05-24 11:16:24,912 - INFO - 交易所连接成功
2026-05-24 11:16:24,913 - CRITICAL - 对账失败: Textual SQL expression 'BEGIN IMMEDIATE' should be explicitly declared as text('BEGIN IMMEDIATE')
2026-05-24 11:16:26,344 - INFO - Alpha V10.6 启动
2026-05-24 11:16:26,355 - INFO - 交易所连接成功
2026-05-24 11:16:26,356 - CRITICAL - 对账失败: Textual SQL expression 'BEGIN IMMEDIATE' should be explicitly declared as text('BEGIN IMMEDIATE')
2026-05-24 11:16:27,999 - INFO - Alpha V10.6 启动
2026-05-24 11:16:28,011 - INFO - 交易所连接成功
2026-05-24 11:16:28,011 - CRITICAL - 对账失败: Textual SQL expression 'BEGIN IMMEDIATE' should be explicitly declared as text('BEGIN IMMEDIATE')
2026-05-24 11:16:29,436 - INFO - Alpha V10.6 启动
2026-05-24 11:16:29,448 - INFO - 交易所连接成功
2026-05-24 11:16:29,449 - CRITICAL - 对账失败: Textual SQL expression 'BEGIN IMMEDIATE' should be explicitly declared as text('BEGIN IMMEDIATE')
2026-05-24 11:16:30,903 - INFO - Alpha V10.6 启动
2026-05-24 11:16:30,915 - INFO - 交易所连接成功
2026-05-24 11:16:30,916 - CRITICAL - 对账失败: Textual SQL expression 'BEGIN IMMEDIATE' should be explicitly declared as text('BEGIN IMMEDIATE')
2026-05-24 11:16:32,315 - INFO - Alpha V10.6 启动
2026-05-24 11:16:32,329 - INFO - 交易所连接成功
2026-05-24 11:16:32,330 - CRITICAL - 对账失败: Textual SQL expression 'BEGIN IMMEDIATE' should be explicitly declared as text('BEGIN IMMEDIATE')
2026-05-24 11:16:33,757 - INFO - Alpha V10.6 启动
2026-05-24 11:16:33,769 - INFO - 交易所连接成功
2026-05-24 11:16:33,770 - CRITICAL - 对账失败: Textual SQL expression 'BEGIN IMMEDIATE' should be explicitly declared as text('BEGIN IMMEDIATE')
2026-05-24 11:16:35,169 - INFO - Alpha V10.6 启动
2026-05-24 11:16:35,181 - INFO - 交易所连接成功
2026-05-24 11:16:35,182 - CRITICAL - 对账失败: Textual SQL expression 'BEGIN IMMEDIATE' should be explicitly declared as text('BEGIN IMMEDIATE')
2026-05-24 11:16:36,611 - INFO - Alpha V10.6 启动
2026-05-24 11:16:36,623 - INFO - 交易所连接成功
2026-05-24 11:16:36,624 - CRITICAL - 对账失败: Textual SQL expression 'BEGIN IMMEDIATE' should be explicitly declared as text('BEGIN IMMEDIATE')
2026-05-24 11:16:38,301 - INFO - Alpha V10.6 启动
2026-05-24 11:16:38,313 - INFO - 交易所连接成功
2026-05-24 11:16:38,314 - CRITICAL - 对账失败: Textual SQL expression 'BEGIN IMMEDIATE' should be explicitly declared as text('BEGIN IMMEDIATE')
2026-05-24 11:16:39,785 - INFO - Alpha V10.6 启动
2026-05-24 11:16:39,797 - INFO - 交易所连接成功
2026-05-24 11:16:39,798 - CRITICAL - 对账失败: Textual SQL expression 'BEGIN IMMEDIATE' should be explicitly declared as text('BEGIN IMMEDIATE')
2026-05-24 11:16:41,214 - INFO - Alpha V10.6 启动
2026-05-24 11:16:41,225 - INFO - 交易所连接成功
2026-05-24 11:16:41,226 - CRITICAL - 对账失败: Textual SQL expression 'BEGIN IMMEDIATE' should be explicitly declared as text('BEGIN IMMEDIATE')
2026-05-24 11:16:42,649 - INFO - Alpha V10.6 启动
2026-05-24 11:16:42,661 - INFO - 交易所连接成功
2026-05-24 11:16:42,662 - CRITICAL - 对账失败: Textual SQL expression 'BEGIN IMMEDIATE' should be explicitly declared as text('BEGIN IMMEDIATE')
2026-05-24 11:16:44,094 - INFO - Alpha V10.6 启动
2026-05-24 11:16:44,106 - INFO - 交易所连接成功
2026-05-24 11:16:44,107 - CRITICAL - 对账失败: Textual SQL expression 'BEGIN IMMEDIATE' should be explicitly declared as text('BEGIN IMMEDIATE')
2026-05-24 11:16:45,511 - INFO - Alpha V10.6 启动
2026-05-24 11:16:45,522 - INFO - 交易所连接成功
2026-05-24 11:16:45,523 - CRITICAL - 对账失败: Textual SQL expression 'BEGIN IMMEDIATE' should be explicitly declared as text('BEGIN IMMEDIATE')
2026-05-24 11:16:46,964 - INFO - Alpha V10.6 启动
2026-05-24 11:16:46,976 - INFO - 交易所连接成功
2026-05-24 11:16:46,977 - CRITICAL - 对账失败: Textual SQL expression 'BEGIN IMMEDIATE' should be explicitly declared as text('BEGIN IMMEDIATE')
2026-05-24 11:16:48,601 - INFO - Alpha V10.6 启动
2026-05-24 11:16:48,618 - INFO - 交易所连接成功
2026-05-24 11:16:48,619 - CRITICAL - 对账失败: Textual SQL expression 'BEGIN IMMEDIATE' should be explicitly declared as text('BEGIN IMMEDIATE')
2026-05-24 11:16:50,042 - INFO - Alpha V10.6 启动
2026-05-24 11:16:50,054 - INFO - 交易所连接成功
2026-05-24 11:16:50,055 - CRITICAL - 对账失败: Textual SQL expression 'BEGIN IMMEDIATE' should be explicitly declared as text('BEGIN IMMEDIATE')
2026-05-24 11:16:51,448 - INFO - Alpha V10.6 启动
2026-05-24 11:16:51,460 - INFO - 交易所连接成功
2026-05-24 11:16:51,460 - CRITICAL - 对账失败: Textual SQL expression 'BEGIN IMMEDIATE' should be explicitly declared as text('BEGIN IMMEDIATE')
2026-05-24 11:16:52,877 - INFO - Alpha V10.6 启动
2026-05-24 11:16:52,891 - INFO - 交易所连接成功
2026-05-24 11:16:52,892 - CRITICAL - 对账失败: Textual SQL expression 'BEGIN IMMEDIATE' should be explicitly declared as text('BEGIN IMMEDIATE')
2026-05-24 11:16:54,266 - INFO - Alpha V10.6 启动
2026-05-24 11:16:54,278 - INFO - 交易所连接成功
2026-05-24 11:16:54,278 - CRITICAL - 对账失败: Textual SQL expression 'BEGIN IMMEDIATE' should be explicitly declared as text('BEGIN IMMEDIATE')
2026-05-24 11:16:55,672 - INFO - Alpha V10.6 启动
2026-05-24 11:16:55,685 - INFO - 交易所连接成功
2026-05-24 11:16:55,685 - CRITICAL - 对账失败: Textual SQL expression 'BEGIN IMMEDIATE' should be explicitly declared as text('BEGIN IMMEDIATE')
2026-05-24 11:16:57,101 - INFO - Alpha V10.6 启动
2026-05-24 11:16:57,113 - INFO - 交易所连接成功
2026-05-24 11:16:57,113 - CRITICAL - 对账失败: Textual SQL expression 'BEGIN IMMEDIATE' should be explicitly declared as text('BEGIN IMMEDIATE')
2026-05-24 11:16:58,514 - INFO - Alpha V10.6 启动
2026-05-24 11:16:58,525 - INFO - 交易所连接成功
2026-05-24 11:16:58,526 - CRITICAL - 对账失败: Textual SQL expression 'BEGIN IMMEDIATE' should be explicitly declared as text('BEGIN IMMEDIATE')
2026-05-24 11:17:00,217 - INFO - Alpha V10.6 启动
2026-05-24 11:17:00,229 - INFO - 交易所连接成功
2026-05-24 11:17:00,230 - CRITICAL - 对账失败: Textual SQL expression 'BEGIN IMMEDIATE' should be explicitly declared as text('BEGIN IMMEDIATE')
2026-05-24 11:17:01,646 - INFO - Alpha V10.6 启动
2026-05-24 11:17:01,659 - INFO - 交易所连接成功
2026-05-24 11:17:01,660 - CRITICAL - 对账失败: Textual SQL expression 'BEGIN IMMEDIATE' should be explicitly declared as text('BEGIN IMMEDIATE')
2026-05-24 11:17:03,147 - INFO - Alpha V10.6 启动
2026-05-24 11:17:03,158 - INFO - 交易所连接成功
2026-05-24 11:17:03,159 - CRITICAL - 对账失败: Textual SQL expression 'BEGIN IMMEDIATE' should be explicitly declared as text('BEGIN IMMEDIATE')
2026-05-24 11:17:04,568 - INFO - Alpha V10.6 启动
2026-05-24 11:17:04,579 - INFO - 交易所连接成功
2026-05-24 11:17:04,580 - CRITICAL - 对账失败: Textual SQL expression 'BEGIN IMMEDIATE' should be explicitly declared as text('BEGIN IMMEDIATE')
2026-05-24 11:17:05,988 - INFO - Alpha V10.6 启动
2026-05-24 11:17:06,000 - INFO - 交易所连接成功
2026-05-24 11:17:06,001 - CRITICAL - 对账失败: Textual SQL expression 'BEGIN IMMEDIATE' should be explicitly declared as text('BEGIN IMMEDIATE')
2026-05-24 11:17:07,447 - INFO - Alpha V10.6 启动
2026-05-24 11:17:07,459 - INFO - 交易所连接成功
2026-05-24 11:17:07,459 - CRITICAL - 对账失败: Textual SQL expression 'BEGIN IMMEDIATE' should be explicitly declared as text('BEGIN IMMEDIATE')
2026-05-24 11:17:08,881 - INFO - Alpha V10.6 启动
2026-05-24 11:17:08,893 - INFO - 交易所连接成功
2026-05-24 11:17:08,893 - CRITICAL - 对账失败: Textual SQL expression 'BEGIN IMMEDIATE' should be explicitly declared as text('BEGIN IMMEDIATE')
2026-05-24 11:17:10,484 - INFO - Alpha V10.6 启动
2026-05-24 11:17:10,501 - INFO - 交易所连接成功
2026-05-24 11:17:10,503 - CRITICAL - 对账失败: Textual SQL expression 'BEGIN IMMEDIATE' should be explicitly declared as text('BEGIN IMMEDIATE')
2026-05-24 11:17:11,978 - INFO - Alpha V10.6 启动
2026-05-24 11:17:11,989 - INFO - 交易所连接成功
2026-05-24 11:17:11,990 - CRITICAL - 对账失败: Textual SQL expression 'BEGIN IMMEDIATE' should be explicitly declared as text('BEGIN IMMEDIATE')
2026-05-24 11:17:13,413 - INFO - Alpha V10.6 启动
2026-05-24 11:17:13,425 - INFO - 交易所连接成功
2026-05-24 11:17:13,425 - CRITICAL - 对账失败: Textual SQL expression 'BEGIN IMMEDIATE' should be explicitly declared as text('BEGIN IMMEDIATE')
2026-05-24 11:17:14,821 - INFO - Alpha V10.6 启动
2026-05-24 11:17:14,832 - INFO - 交易所连接成功
2026-05-24 11:17:14,833 - CRITICAL - 对账失败: Textual SQL expression 'BEGIN IMMEDIATE' should be explicitly declared as text('BEGIN IMMEDIATE')
2026-05-24 11:17:16,236 - INFO - Alpha V10.6 启动
2026-05-24 11:17:16,248 - INFO - 交易所连接成功
2026-05-24 11:17:16,249 - CRITICAL - 对账失败: Textual SQL expression 'BEGIN IMMEDIATE' should be explicitly declared as text('BEGIN IMMEDIATE')
2026-05-24 11:17:17,697 - INFO - Alpha V10.6 启动
2026-05-24 11:17:17,709 - INFO - 交易所连接成功
2026-05-24 11:17:17,710 - CRITICAL - 对账失败: Textual SQL expression 'BEGIN IMMEDIATE' should be explicitly declared as text('BEGIN IMMEDIATE')
2026-05-24 11:17:19,154 - INFO - Alpha V10.6 启动
2026-05-24 11:17:19,165 - INFO - 交易所连接成功
2026-05-24 11:17:19,166 - CRITICAL - 对账失败: Textual SQL expression 'BEGIN IMMEDIATE' should be explicitly declared as text('BEGIN IMMEDIATE')
2026-05-24 11:17:20,583 - INFO - Alpha V10.6 启动
2026-05-24 11:17:20,595 - INFO - 交易所连接成功
2026-05-24 11:17:20,595 - CRITICAL - 对账失败: Textual SQL expression 'BEGIN IMMEDIATE' should be explicitly declared as text('BEGIN IMMEDIATE')
2026-05-24 11:17:22,830 - INFO - Alpha V10.6 启动
2026-05-24 11:17:22,847 - INFO - 交易所连接成功
2026-05-24 11:17:22,848 - CRITICAL - 对账失败: Textual SQL expression 'BEGIN IMMEDIATE' should be explicitly declared as text('BEGIN IMMEDIATE')
2026-05-24 11:17:24,945 - INFO - Alpha V10.6 启动
2026-05-24 11:17:24,962 - INFO - 交易所连接成功
2026-05-24 11:17:24,964 - CRITICAL - 对账失败: Textual SQL expression 'BEGIN IMMEDIATE' should be explicitly declared as text('BEGIN IMMEDIATE')
2026-05-24 11:17:27,027 - INFO - Alpha V10.6 启动
2026-05-24 11:17:27,049 - INFO - 交易所连接成功
2026-05-24 11:17:27,050 - CRITICAL - 对账失败: Textual SQL expression 'BEGIN IMMEDIATE' should be explicitly declared as text('BEGIN IMMEDIATE')
2026-05-24 11:17:29,116 - INFO - Alpha V10.6 启动
2026-05-24 11:17:29,133 - INFO - 交易所连接成功
2026-05-24 11:17:29,134 - CRITICAL - 对账失败: Textual SQL expression 'BEGIN IMMEDIATE' should be explicitly declared as text('BEGIN IMMEDIATE')
2026-05-24 11:17:31,133 - INFO - Alpha V10.6 启动
2026-05-24 11:17:31,150 - INFO - 交易所连接成功
2026-05-24 11:17:31,151 - CRITICAL - 对账失败: Textual SQL expression 'BEGIN IMMEDIATE' should be explicitly declared as text('BEGIN IMMEDIATE')
2026-05-24 11:17:33,849 - INFO - Alpha V10.6 启动
2026-05-24 11:17:33,864 - INFO - 交易所连接成功
2026-05-24 11:17:33,865 - CRITICAL - 对账失败: Textual SQL expression 'BEGIN IMMEDIATE' should be explicitly declared as text('BEGIN IMMEDIATE')
2026-05-24 11:17:35,381 - INFO - Alpha V10.6 启动
2026-05-24 11:17:35,393 - INFO - 交易所连接成功
2026-05-24 11:17:35,394 - CRITICAL - 对账失败: Textual SQL expression 'BEGIN IMMEDIATE' should be explicitly declared as text('BEGIN IMMEDIATE')
2026-05-24 11:17:36,865 - INFO - Alpha V10.6 启动
2026-05-24 11:17:36,878 - INFO - 交易所连接成功
2026-05-24 11:17:36,878 - CRITICAL - 对账失败: Textual SQL expression 'BEGIN IMMEDIATE' should be explicitly declared as text('BEGIN IMMEDIATE')
2026-05-24 11:17:38,303 - INFO - Alpha V10.6 启动
2026-05-24 11:17:38,315 - INFO - 交易所连接成功
2026-05-24 11:17:38,315 - CRITICAL - 对账失败: Textual SQL expression 'BEGIN IMMEDIATE' should be explicitly declared as text('BEGIN IMMEDIATE')
2026-05-24 11:17:39,740 - INFO - Alpha V10.6 启动
2026-05-24 11:17:39,752 - INFO - 交易所连接成功
2026-05-24 11:17:39,753 - CRITICAL - 对账失败: Textual SQL expression 'BEGIN IMMEDIATE' should be explicitly declared as text('BEGIN IMMEDIATE')
2026-05-24 11:17:41,180 - INFO - Alpha V10.6 启动
2026-05-24 11:17:41,192 - INFO - 交易所连接成功
2026-05-24 11:17:41,193 - CRITICAL - 对账失败: Textual SQL expression 'BEGIN IMMEDIATE' should be explicitly declared as text('BEGIN IMMEDIATE')
2026-05-24 11:17:42,619 - INFO - Alpha V10.6 启动
2026-05-24 11:17:42,631 - INFO - 交易所连接成功
2026-05-24 11:17:42,632 - CRITICAL - 对账失败: Textual SQL expression 'BEGIN IMMEDIATE' should be explicitly declared as text('BEGIN IMMEDIATE')
2026-05-24 11:17:44,259 - INFO - Alpha V10.6 启动
2026-05-24 11:17:44,281 - INFO - 交易所连接成功
2026-05-24 11:17:44,281 - CRITICAL - 对账失败: Textual SQL expression 'BEGIN IMMEDIATE' should be explicitly declared as text('BEGIN IMMEDIATE')
2026-05-24 11:17:45,734 - INFO - Alpha V10.6 启动
2026-05-24 11:17:45,746 - INFO - 交易所连接成功
2026-05-24 11:17:45,747 - CRITICAL - 对账失败: Textual SQL expression 'BEGIN IMMEDIATE' should be explicitly declared as text('BEGIN IMMEDIATE')
2026-05-24 11:17:47,160 - INFO - Alpha V10.6 启动
2026-05-24 11:17:47,172 - INFO - 交易所连接成功
2026-05-24 11:17:47,172 - CRITICAL - 对账失败: Textual SQL expression 'BEGIN IMMEDIATE' should be explicitly declared as text('BEGIN IMMEDIATE')
2026-05-24 11:17:48,569 - INFO - Alpha V10.6 启动
2026-05-24 11:17:48,581 - INFO - 交易所连接成功
2026-05-24 11:17:48,581 - CRITICAL - 对账失败: Textual SQL expression 'BEGIN IMMEDIATE' should be explicitly declared as text('BEGIN IMMEDIATE')
2026-05-24 11:17:50,011 - INFO - Alpha V10.6 启动
2026-05-24 11:17:50,023 - INFO - 交易所连接成功
2026-05-24 11:17:50,024 - CRITICAL - 对账失败: Textual SQL expression 'BEGIN IMMEDIATE' should be explicitly declared as text('BEGIN IMMEDIATE')
2026-05-24 11:17:51,444 - INFO - Alpha V10.6 启动
2026-05-24 11:17:51,456 - INFO - 交易所连接成功
2026-05-24 11:17:51,457 - CRITICAL - 对账失败: Textual SQL expression 'BEGIN IMMEDIATE' should be explicitly declared as text('BEGIN IMMEDIATE')
2026-05-24 11:17:52,925 - INFO - Alpha V10.6 启动
2026-05-24 11:17:52,937 - INFO - 交易所连接成功
2026-05-24 11:17:52,938 - CRITICAL - 对账失败: Textual SQL expression 'BEGIN IMMEDIATE' should be explicitly declared as text('BEGIN IMMEDIATE')
2026-05-24 11:17:54,341 - INFO - Alpha V10.6 启动
2026-05-24 11:17:54,353 - INFO - 交易所连接成功
2026-05-24 11:17:54,353 - CRITICAL - 对账失败: Textual SQL expression 'BEGIN IMMEDIATE' should be explicitly declared as text('BEGIN IMMEDIATE')
2026-05-24 11:17:56,001 - INFO - Alpha V10.6 启动
2026-05-24 11:17:56,012 - INFO - 交易所连接成功
2026-05-24 11:17:56,013 - CRITICAL - 对账失败: Textual SQL expression 'BEGIN IMMEDIATE' should be explicitly declared as text('BEGIN IMMEDIATE')
2026-05-24 11:17:57,463 - INFO - Alpha V10.6 启动
2026-05-24 11:17:57,475 - INFO - 交易所连接成功
2026-05-24 11:17:57,475 - CRITICAL - 对账失败: Textual SQL expression 'BEGIN IMMEDIATE' should be explicitly declared as text('BEGIN IMMEDIATE')
2026-05-24 11:17:58,899 - INFO - Alpha V10.6 启动
2026-05-24 11:17:58,911 - INFO - 交易所连接成功
2026-05-24 11:17:58,911 - CRITICAL - 对账失败: Textual SQL expression 'BEGIN IMMEDIATE' should be explicitly declared as text('BEGIN IMMEDIATE')
2026-05-24 11:18:00,341 - INFO - Alpha V10.6 启动
2026-05-24 11:18:00,353 - INFO - 交易所连接成功
2026-05-24 11:18:00,354 - CRITICAL - 对账失败: Textual SQL expression 'BEGIN IMMEDIATE' should be explicitly declared as text('BEGIN IMMEDIATE')
2026-05-24 11:18:01,848 - INFO - Alpha V10.6 启动
2026-05-24 11:18:01,860 - INFO - 交易所连接成功
2026-05-24 11:18:01,861 - CRITICAL - 对账失败: Textual SQL expression 'BEGIN IMMEDIATE' should be explicitly declared as text('BEGIN IMMEDIATE')
2026-05-24 11:18:03,288 - INFO - Alpha V10.6 启动
2026-05-24 11:18:03,299 - INFO - 交易所连接成功
2026-05-24 11:18:03,300 - CRITICAL - 对账失败: Textual SQL expression 'BEGIN IMMEDIATE' should be explicitly declared as text('BEGIN IMMEDIATE')
2026-05-24 11:18:04,720 - INFO - Alpha V10.6 启动
2026-05-24 11:18:04,732 - INFO - 交易所连接成功
2026-05-24 11:18:04,732 - CRITICAL - 对账失败: Textual SQL expression 'BEGIN IMMEDIATE' should be explicitly declared as text('BEGIN IMMEDIATE')
2026-05-24 11:18:06,413 - INFO - Alpha V10.6 启动
2026-05-24 11:18:06,424 - INFO - 交易所连接成功
2026-05-24 11:18:06,425 - CRITICAL - 对账失败: Textual SQL expression 'BEGIN IMMEDIATE' should be explicitly declared as text('BEGIN IMMEDIATE')
2026-05-24 11:18:07,890 - INFO - Alpha V10.6 启动
2026-05-24 11:18:07,901 - INFO - 交易所连接成功
2026-05-24 11:18:07,902 - CRITICAL - 对账失败: Textual SQL expression 'BEGIN IMMEDIATE' should be explicitly declared as text('BEGIN IMMEDIATE')
2026-05-24 11:18:09,330 - INFO - Alpha V10.6 启动
2026-05-24 11:18:09,342 - INFO - 交易所连接成功
2026-05-24 11:18:09,342 - CRITICAL - 对账失败: Textual SQL expression 'BEGIN IMMEDIATE' should be explicitly declared as text('BEGIN IMMEDIATE')
2026-05-24 11:18:10,769 - INFO - Alpha V10.6 启动
2026-05-24 11:18:10,781 - INFO - 交易所连接成功
2026-05-24 11:18:10,782 - CRITICAL - 对账失败: Textual SQL expression 'BEGIN IMMEDIATE' should be explicitly declared as text('BEGIN IMMEDIATE')
2026-05-24 11:18:12,238 - INFO - Alpha V10.6 启动
2026-05-24 11:18:12,250 - INFO - 交易所连接成功
2026-05-24 11:18:12,250 - CRITICAL - 对账失败: Textual SQL expression 'BEGIN IMMEDIATE' should be explicitly declared as text('BEGIN IMMEDIATE')
2026-05-24 11:18:13,711 - INFO - Alpha V10.6 启动
2026-05-24 11:18:13,723 - INFO - 交易所连接成功
2026-05-24 11:18:13,723 - CRITICAL - 对账失败: Textual SQL expression 'BEGIN IMMEDIATE' should be explicitly declared as text('BEGIN IMMEDIATE')
2026-05-24 11:18:15,145 - INFO - Alpha V10.6 启动
2026-05-24 11:18:15,157 - INFO - 交易所连接成功
2026-05-24 11:18:15,158 - CRITICAL - 对账失败: Textual SQL expression 'BEGIN IMMEDIATE' should be explicitly declared as text('BEGIN IMMEDIATE')
2026-05-24 11:18:16,759 - INFO - Alpha V10.6 启动
2026-05-24 11:18:16,775 - INFO - 交易所连接成功
2026-05-24 11:18:16,776 - CRITICAL - 对账失败: Textual SQL expression 'BEGIN IMMEDIATE' should be explicitly declared as text('BEGIN IMMEDIATE')
2026-05-24 11:18:18,264 - INFO - Alpha V10.6 启动
2026-05-24 11:18:18,276 - INFO - 交易所连接成功
2026-05-24 11:18:18,276 - CRITICAL - 对账失败: Textual SQL expression 'BEGIN IMMEDIATE' should be explicitly declared as text('BEGIN IMMEDIATE')
2026-05-24 11:18:19,727 - INFO - Alpha V10.6 启动
2026-05-24 11:18:19,739 - INFO - 交易所连接成功
2026-05-24 11:18:19,740 - CRITICAL - 对账失败: Textual SQL expression 'BEGIN IMMEDIATE' should be explicitly declared as text('BEGIN IMMEDIATE')
2026-05-24 11:18:21,184 - INFO - Alpha V10.6 启动
2026-05-24 11:18:21,196 - INFO - 交易所连接成功
2026-05-24 11:18:21,196 - CRITICAL - 对账失败: Textual SQL expression 'BEGIN IMMEDIATE' should be explicitly declared as text('BEGIN IMMEDIATE')
2026-05-24 11:18:22,639 - INFO - Alpha V10.6 启动
2026-05-24 11:18:22,650 - INFO - 交易所连接成功
2026-05-24 11:18:22,651 - CRITICAL - 对账失败: Textual SQL expression 'BEGIN IMMEDIATE' should be explicitly declared as text('BEGIN IMMEDIATE')
2026-05-24 11:18:24,111 - INFO - Alpha V10.6 启动
2026-05-24 11:18:24,123 - INFO - 交易所连接成功
2026-05-24 11:18:24,124 - CRITICAL - 对账失败: Textual SQL expression 'BEGIN IMMEDIATE' should be explicitly declared as text('BEGIN IMMEDIATE')
2026-05-24 11:18:25,541 - INFO - Alpha V10.6 启动
2026-05-24 11:18:25,553 - INFO - 交易所连接成功
2026-05-24 11:18:25,554 - CRITICAL - 对账失败: Textual SQL expression 'BEGIN IMMEDIATE' should be explicitly declared as text('BEGIN IMMEDIATE')
2026-05-24 11:18:27,019 - INFO - Alpha V10.6 启动
2026-05-24 11:18:27,030 - INFO - 交易所连接成功
2026-05-24 11:18:27,031 - CRITICAL - 对账失败: Textual SQL expression 'BEGIN IMMEDIATE' should be explicitly declared as text('BEGIN IMMEDIATE')
2026-05-24 11:18:28,710 - INFO - Alpha V10.6 启动
2026-05-24 11:18:28,722 - INFO - 交易所连接成功
2026-05-24 11:18:28,723 - CRITICAL - 对账失败: Textual SQL expression 'BEGIN IMMEDIATE' should be explicitly declared as text('BEGIN IMMEDIATE')
2026-05-24 11:18:30,156 - INFO - Alpha V10.6 启动
2026-05-24 11:18:30,167 - INFO - 交易所连接成功
2026-05-24 11:18:30,168 - CRITICAL - 对账失败: Textual SQL expression 'BEGIN IMMEDIATE' should be explicitly declared as text('BEGIN IMMEDIATE')
2026-05-24 11:18:31,587 - INFO - Alpha V10.6 启动
2026-05-24 11:18:31,599 - INFO - 交易所连接成功
2026-05-24 11:18:31,600 - CRITICAL - 对账失败: Textual SQL expression 'BEGIN IMMEDIATE' should be explicitly declared as text('BEGIN IMMEDIATE')
2026-05-24 11:18:33,044 - INFO - Alpha V10.6 启动
2026-05-24 11:18:33,056 - INFO - 交易所连接成功
2026-05-24 11:18:33,056 - CRITICAL - 对账失败: Textual SQL expression 'BEGIN IMMEDIATE' should be explicitly declared as text('BEGIN IMMEDIATE')
2026-05-24 11:18:34,497 - INFO - Alpha V10.6 启动
2026-05-24 11:18:34,508 - INFO - 交易所连接成功
2026-05-24 11:18:34,509 - CRITICAL - 对账失败: Textual SQL expression 'BEGIN IMMEDIATE' should be explicitly declared as text('BEGIN IMMEDIATE')
2026-05-24 11:18:35,938 - INFO - Alpha V10.6 启动
2026-05-24 11:18:35,951 - INFO - 交易所连接成功
2026-05-24 11:18:35,952 - CRITICAL - 对账失败: Textual SQL expression 'BEGIN IMMEDIATE' should be explicitly declared as text('BEGIN IMMEDIATE')
2026-05-24 11:18:37,383 - INFO - Alpha V10.6 启动
2026-05-24 11:18:37,394 - INFO - 交易所连接成功
2026-05-24 11:18:37,395 - CRITICAL - 对账失败: Textual SQL expression 'BEGIN IMMEDIATE' should be explicitly declared as text('BEGIN IMMEDIATE')
2026-05-24 11:18:39,086 - INFO - Alpha V10.6 启动
2026-05-24 11:18:39,098 - INFO - 交易所连接成功
2026-05-24 11:18:39,098 - CRITICAL - 对账失败: Textual SQL expression 'BEGIN IMMEDIATE' should be explicitly declared as text('BEGIN IMMEDIATE')
2026-05-24 11:18:40,538 - INFO - Alpha V10.6 启动
2026-05-24 11:18:40,551 - INFO - 交易所连接成功
2026-05-24 11:18:40,552 - CRITICAL - 对账失败: Textual SQL expression 'BEGIN IMMEDIATE' should be explicitly declared as text('BEGIN IMMEDIATE')
2026-05-24 11:18:42,015 - INFO - Alpha V10.6 启动
2026-05-24 11:18:42,027 - INFO - 交易所连接成功
2026-05-24 11:18:42,028 - CRITICAL - 对账失败: Textual SQL expression 'BEGIN IMMEDIATE' should be explicitly declared as text('BEGIN IMMEDIATE')
2026-05-24 11:18:43,457 - INFO - Alpha V10.6 启动
2026-05-24 11:18:43,469 - INFO - 交易所连接成功
2026-05-24 11:18:43,470 - CRITICAL - 对账失败: Textual SQL expression 'BEGIN IMMEDIATE' should be explicitly declared as text('BEGIN IMMEDIATE')
2026-05-24 11:18:44,900 - INFO - Alpha V10.6 启动
2026-05-24 11:18:44,916 - INFO - 交易所连接成功
2026-05-24 11:18:44,917 - CRITICAL - 对账失败: Textual SQL expression 'BEGIN IMMEDIATE' should be explicitly declared as text('BEGIN IMMEDIATE')
2026-05-24 11:18:46,338 - INFO - Alpha V10.6 启动
2026-05-24 11:18:46,349 - INFO - 交易所连接成功
2026-05-24 11:18:46,350 - CRITICAL - 对账失败: Textual SQL expression 'BEGIN IMMEDIATE' should be explicitly declared as text('BEGIN IMMEDIATE')
2026-05-24 11:18:47,780 - INFO - Alpha V10.6 启动
2026-05-24 11:18:47,798 - INFO - 交易所连接成功
2026-05-24 11:18:47,799 - CRITICAL - 对账失败: Textual SQL expression 'BEGIN IMMEDIATE' should be explicitly declared as text('BEGIN IMMEDIATE')
2026-05-24 11:18:49,246 - INFO - Alpha V10.6 启动
2026-05-24 11:18:49,262 - INFO - 交易所连接成功
2026-05-24 11:18:49,264 - CRITICAL - 对账失败: Textual SQL expression 'BEGIN IMMEDIATE' should be explicitly declared as text('BEGIN IMMEDIATE')
2026-05-24 11:18:50,839 - INFO - Alpha V10.6 启动
2026-05-24 11:18:50,851 - INFO - 交易所连接成功
2026-05-24 11:18:50,852 - CRITICAL - 对账失败: Textual SQL expression 'BEGIN IMMEDIATE' should be explicitly declared as text('BEGIN IMMEDIATE')
2026-05-24 11:18:52,292 - INFO - Alpha V10.6 启动
2026-05-24 11:18:52,306 - INFO - 交易所连接成功
2026-05-24 11:18:52,306 - CRITICAL - 对账失败: Textual SQL expression 'BEGIN IMMEDIATE' should be explicitly declared as text('BEGIN IMMEDIATE')
2026-05-24 11:18:53,739 - INFO - Alpha V10.6 启动
2026-05-24 11:18:53,750 - INFO - 交易所连接成功
2026-05-24 11:18:53,751 - CRITICAL - 对账失败: Textual SQL expression 'BEGIN IMMEDIATE' should be explicitly declared as text('BEGIN IMMEDIATE')
2026-05-24 11:18:55,167 - INFO - Alpha V10.6 启动
2026-05-24 11:18:55,178 - INFO - 交易所连接成功
2026-05-24 11:18:55,179 - CRITICAL - 对账失败: Textual SQL expression 'BEGIN IMMEDIATE' should be explicitly declared as text('BEGIN IMMEDIATE')
2026-05-24 11:18:56,648 - INFO - Alpha V10.6 启动
2026-05-24 11:18:56,661 - INFO - 交易所连接成功
2026-05-24 11:18:56,662 - CRITICAL - 对账失败: Textual SQL expression 'BEGIN IMMEDIATE' should be explicitly declared as text('BEGIN IMMEDIATE')
2026-05-24 11:19:08,880 - INFO - Alpha V10.6 启动
2026-05-24 11:19:08,893 - INFO - 交易所连接成功
2026-05-24 11:19:08,979 - WARNING - 获取失败 (1/3): okx {"msg":"Invalid OK-ACCESS-KEY","code":"50111"}
2026-05-24 11:19:10,212 - WARNING - 获取失败 (2/3): okx {"msg":"Invalid OK-ACCESS-KEY","code":"50111"}
2026-05-24 11:19:11,444 - WARNING - 获取失败 (3/3): okx {"msg":"Invalid OK-ACCESS-KEY","code":"50111"}
2026-05-24 11:19:12,445 - CRITICAL - 对账失败: 交易所数据异常，终止对账
2026-05-24 11:19:12,608 - WARNING - okx requires to release all resources with an explicit call to the .close() coroutine. If you are using the exchange instance with async coroutines, add `await exchange.close()` to your code into a place when you're done with the exchange and don't need the exchange instance anymore (at the end of your async coroutine).
2026-05-24 11:19:12,609 - ERROR - Unclosed connector
connections: ['deque([(<aiohttp.client_proto.ResponseHandler object at 0x773ff20cf170>, 505325.441432325)])']
connector: <aiohttp.connector.TCPConnector object at 0x773fe98fa510>
2026-05-24 11:19:13,874 - INFO - Alpha V10.6 启动
2026-05-24 11:19:13,885 - INFO - 交易所连接成功
2026-05-24 11:19:13,960 - WARNING - 获取失败 (1/3): okx {"msg":"Invalid OK-ACCESS-KEY","code":"50111"}
2026-05-24 11:19:15,192 - WARNING - 获取失败 (2/3): okx {"msg":"Invalid OK-ACCESS-KEY","code":"50111"}
2026-05-24 11:19:16,425 - WARNING - 获取失败 (3/3): okx {"msg":"Invalid OK-ACCESS-KEY","code":"50111"}
2026-05-24 11:19:17,426 - CRITICAL - 对账失败: 交易所数据异常，终止对账
2026-05-24 11:19:17,589 - WARNING - okx requires to release all resources with an explicit call to the .close() coroutine. If you are using the exchange instance with async coroutines, add `await exchange.close()` to your code into a place when you're done with the exchange and don't need the exchange instance anymore (at the end of your async coroutine).
2026-05-24 11:19:17,589 - ERROR - Unclosed connector
connections: ['deque([(<aiohttp.client_proto.ResponseHandler object at 0x7389c36d0470>, 505330.422645739)])']
connector: <aiohttp.connector.TCPConnector object at 0x7389c40ea300>
2026-05-24 11:19:18,832 - INFO - Alpha V10.6 启动
2026-05-24 11:19:18,844 - INFO - 交易所连接成功
2026-05-24 11:19:18,919 - WARNING - 获取失败 (1/3): okx {"msg":"Invalid OK-ACCESS-KEY","code":"50111"}
2026-05-24 11:19:20,154 - WARNING - 获取失败 (2/3): okx {"msg":"Invalid OK-ACCESS-KEY","code":"50111"}
2026-05-24 11:19:21,388 - WARNING - 获取失败 (3/3): okx {"msg":"Invalid OK-ACCESS-KEY","code":"50111"}
2026-05-24 11:19:22,390 - CRITICAL - 对账失败: 交易所数据异常，终止对账
2026-05-24 11:19:22,553 - WARNING - okx requires to release all resources with an explicit call to the .close() coroutine. If you are using the exchange instance with async coroutines, add `await exchange.close()` to your code into a place when you're done with the exchange and don't need the exchange instance anymore (at the end of your async coroutine).
2026-05-24 11:19:22,553 - ERROR - Unclosed connector
connections: ['deque([(<aiohttp.client_proto.ResponseHandler object at 0x73d68188c350>, 505335.386337847)])']
connector: <aiohttp.connector.TCPConnector object at 0x73d6840701d0>
2026-05-24 11:19:23,831 - INFO - Alpha V10.6 启动
2026-05-24 11:19:23,845 - INFO - 交易所连接成功
2026-05-24 11:19:23,926 - WARNING - 获取失败 (1/3): okx {"msg":"Invalid OK-ACCESS-KEY","code":"50111"}
2026-05-24 11:19:25,167 - WARNING - 获取失败 (2/3): okx {"msg":"Invalid OK-ACCESS-KEY","code":"50111"}
2026-05-24 11:19:26,408 - WARNING - 获取失败 (3/3): okx {"msg":"Invalid OK-ACCESS-KEY","code":"50111"}
2026-05-24 11:19:27,410 - CRITICAL - 对账失败: 交易所数据异常，终止对账
2026-05-24 11:19:27,568 - WARNING - okx requires to release all resources with an explicit call to the .close() coroutine. If you are using the exchange instance with async coroutines, add `await exchange.close()` to your code into a place when you're done with the exchange and don't need the exchange instance anymore (at the end of your async coroutine).
2026-05-24 11:19:27,568 - ERROR - Unclosed connector
connections: ['deque([(<aiohttp.client_proto.ResponseHandler object at 0x719fa9f84290>, 505340.406321246)])']
connector: <aiohttp.connector.TCPConnector object at 0x719fab5f2390>
2026-05-24 11:19:28,851 - INFO - Alpha V10.6 启动
2026-05-24 11:19:28,863 - INFO - 交易所连接成功
2026-05-24 11:19:28,939 - WARNING - 获取失败 (1/3): okx {"msg":"Invalid OK-ACCESS-KEY","code":"50111"}
2026-05-24 11:19:30,173 - WARNING - 获取失败 (2/3): okx {"msg":"Invalid OK-ACCESS-KEY","code":"50111"}
2026-05-24 11:19:31,409 - WARNING - 获取失败 (3/3): okx {"msg":"Invalid OK-ACCESS-KEY","code":"50111"}
2026-05-24 11:19:32,411 - CRITICAL - 对账失败: 交易所数据异常，终止对账
2026-05-24 11:19:32,578 - WARNING - okx requires to release all resources with an explicit call to the .close() coroutine. If you are using the exchange instance with async coroutines, add `await exchange.close()` to your code into a place when you're done with the exchange and don't need the exchange instance anymore (at the end of your async coroutine).
2026-05-24 11:19:32,578 - ERROR - Unclosed connector
connections: ['deque([(<aiohttp.client_proto.ResponseHandler object at 0x778ae0c1a8d0>, 505345.407056089)])']
connector: <aiohttp.connector.TCPConnector object at 0x778ad78eca40>
2026-05-24 11:19:33,865 - INFO - Alpha V10.6 启动
2026-05-24 11:19:33,877 - INFO - 交易所连接成功
2026-05-24 11:19:33,952 - WARNING - 获取失败 (1/3): okx {"msg":"Invalid OK-ACCESS-KEY","code":"50111"}
2026-05-24 11:19:35,189 - WARNING - 获取失败 (2/3): okx {"msg":"Invalid OK-ACCESS-KEY","code":"50111"}
2026-05-24 11:19:36,421 - WARNING - 获取失败 (3/3): okx {"msg":"Invalid OK-ACCESS-KEY","code":"50111"}
2026-05-24 11:19:37,423 - CRITICAL - 对账失败: 交易所数据异常，终止对账
2026-05-24 11:19:37,582 - WARNING - okx requires to release all resources with an explicit call to the .close() coroutine. If you are using the exchange instance with async coroutines, add `await exchange.close()` to your code into a place when you're done with the exchange and don't need the exchange instance anymore (at the end of your async coroutine).
2026-05-24 11:19:37,582 - ERROR - Unclosed connector
connections: ['deque([(<aiohttp.client_proto.ResponseHandler object at 0x78a14bcc83b0>, 505350.418814516)])']
connector: <aiohttp.connector.TCPConnector object at 0x78a14bfc2c90>
2026-05-24 11:19:38,855 - INFO - Alpha V10.6 启动
2026-05-24 11:19:38,866 - INFO - 交易所连接成功
2026-05-24 11:19:38,946 - WARNING - 获取失败 (1/3): okx {"msg":"Invalid OK-ACCESS-KEY","code":"50111"}
2026-05-24 11:19:40,186 - WARNING - 获取失败 (2/3): okx {"msg":"Invalid OK-ACCESS-KEY","code":"50111"}
2026-05-24 11:19:41,425 - WARNING - 获取失败 (3/3): okx {"msg":"Invalid OK-ACCESS-KEY","code":"50111"}
2026-05-24 11:19:42,427 - CRITICAL - 对账失败: 交易所数据异常，终止对账
2026-05-24 11:19:42,649 - WARNING - okx requires to release all resources with an explicit call to the .close() coroutine. If you are using the exchange instance with async coroutines, add `await exchange.close()` to your code into a place when you're done with the exchange and don't need the exchange instance anymore (at the end of your async coroutine).
2026-05-24 11:19:42,649 - ERROR - Unclosed connector
connections: ['deque([(<aiohttp.client_proto.ResponseHandler object at 0x7c13122bb230>, 505355.423236935)])']
connector: <aiohttp.connector.TCPConnector object at 0x7c1309f710d0>
2026-05-24 11:19:43,901 - INFO - Alpha V10.6 启动
2026-05-24 11:19:43,913 - INFO - 交易所连接成功
2026-05-24 11:19:43,985 - WARNING - 获取失败 (1/3): okx {"msg":"Invalid OK-ACCESS-KEY","code":"50111"}
2026-05-24 11:19:45,218 - WARNING - 获取失败 (2/3): okx {"msg":"Invalid OK-ACCESS-KEY","code":"50111"}
2026-05-24 11:19:46,448 - WARNING - 获取失败 (3/3): okx {"msg":"Invalid OK-ACCESS-KEY","code":"50111"}
2026-05-24 11:19:47,450 - CRITICAL - 对账失败: 交易所数据异常，终止对账
2026-05-24 11:19:47,613 - WARNING - okx requires to release all resources with an explicit call to the .close() coroutine. If you are using the exchange instance with async coroutines, add `await exchange.close()` to your code into a place when you're done with the exchange and don't need the exchange instance anymore (at the end of your async coroutine).
2026-05-24 11:19:47,614 - ERROR - Unclosed connector
connections: ['deque([(<aiohttp.client_proto.ResponseHandler object at 0x7c6890e1aab0>, 505360.446382593)])']
connector: <aiohttp.connector.TCPConnector object at 0x7c688801ed20>
2026-05-24 11:19:48,868 - INFO - Alpha V10.6 启动
2026-05-24 11:19:48,879 - INFO - 交易所连接成功
2026-05-24 11:19:48,953 - WARNING - 获取失败 (1/3): okx {"msg":"Invalid OK-ACCESS-KEY","code":"50111"}
2026-05-24 11:19:50,188 - WARNING - 获取失败 (2/3): okx {"msg":"Invalid OK-ACCESS-KEY","code":"50111"}
2026-05-24 11:19:51,419 - WARNING - 获取失败 (3/3): okx {"msg":"Invalid OK-ACCESS-KEY","code":"50111"}
2026-05-24 11:19:52,421 - CRITICAL - 对账失败: 交易所数据异常，终止对账
2026-05-24 11:19:52,584 - WARNING - okx requires to release all resources with an explicit call to the .close() coroutine. If you are using the exchange instance with async coroutines, add `await exchange.close()` to your code into a place when you're done with the exchange and don't need the exchange instance anymore (at the end of your async coroutine).
2026-05-24 11:19:52,584 - ERROR - Unclosed connector
connections: ['deque([(<aiohttp.client_proto.ResponseHandler object at 0x7738e24d0470>, 505365.417327563)])']
connector: <aiohttp.connector.TCPConnector object at 0x7738e37f55b0>
2026-05-24 11:19:54,098 - INFO - Alpha V10.6 启动
2026-05-24 11:19:54,110 - INFO - 交易所连接成功
2026-05-24 11:19:54,187 - WARNING - 获取失败 (1/3): okx {"msg":"Invalid OK-ACCESS-KEY","code":"50111"}
2026-05-24 11:19:55,427 - WARNING - 获取失败 (2/3): okx {"msg":"Invalid OK-ACCESS-KEY","code":"50111"}
2026-05-24 11:19:56,662 - WARNING - 获取失败 (3/3): okx {"msg":"Invalid OK-ACCESS-KEY","code":"50111"}
2026-05-24 11:19:57,664 - CRITICAL - 对账失败: 交易所数据异常，终止对账
2026-05-24 11:19:57,830 - WARNING - okx requires to release all resources with an explicit call to the .close() coroutine. If you are using the exchange instance with async coroutines, add `await exchange.close()` to your code into a place when you're done with the exchange and don't need the exchange instance anymore (at the end of your async coroutine).
2026-05-24 11:19:57,831 - ERROR - Unclosed connector
connections: ['deque([(<aiohttp.client_proto.ResponseHandler object at 0x75e323178230>, 505370.659718351)])']
connector: <aiohttp.connector.TCPConnector object at 0x75e325bf6120>
2026-05-24 11:19:59,155 - INFO - Alpha V10.6 启动
2026-05-24 11:19:59,167 - INFO - 交易所连接成功
2026-05-24 11:19:59,245 - WARNING - 获取失败 (1/3): okx {"msg":"Invalid OK-ACCESS-KEY","code":"50111"}
2026-05-24 11:20:00,480 - WARNING - 获取失败 (2/3): okx {"msg":"Invalid OK-ACCESS-KEY","code":"50111"}
2026-05-24 11:20:01,719 - WARNING - 获取失败 (3/3): okx {"msg":"Invalid OK-ACCESS-KEY","code":"50111"}
2026-05-24 11:20:02,721 - CRITICAL - 对账失败: 交易所数据异常，终止对账
2026-05-24 11:20:02,879 - WARNING - okx requires to release all resources with an explicit call to the .close() coroutine. If you are using the exchange instance with async coroutines, add `await exchange.close()` to your code into a place when you're done with the exchange and don't need the exchange instance anymore (at the end of your async coroutine).
2026-05-24 11:20:02,879 - ERROR - Unclosed connector
connections: ['deque([(<aiohttp.client_proto.ResponseHandler object at 0x735e37e44230>, 505375.717208062)])']
connector: <aiohttp.connector.TCPConnector object at 0x735e386d1dc0>
2026-05-24 11:20:04,306 - INFO - Alpha V10.6 启动
2026-05-24 11:20:04,341 - INFO - 交易所连接成功
2026-05-24 11:20:04,481 - WARNING - 获取失败 (1/3): okx {"msg":"Invalid OK-ACCESS-KEY","code":"50111"}
2026-05-24 11:20:05,724 - WARNING - 获取失败 (2/3): okx {"msg":"Invalid OK-ACCESS-KEY","code":"50111"}
2026-05-24 11:20:06,963 - WARNING - 获取失败 (3/3): okx {"msg":"Invalid OK-ACCESS-KEY","code":"50111"}
2026-05-24 11:20:07,965 - CRITICAL - 对账失败: 交易所数据异常，终止对账
2026-05-24 11:20:08,126 - WARNING - okx requires to release all resources with an explicit call to the .close() coroutine. If you are using the exchange instance with async coroutines, add `await exchange.close()` to your code into a place when you're done with the exchange and don't need the exchange instance anymore (at the end of your async coroutine).
2026-05-24 11:20:08,127 - ERROR - Unclosed connector
connections: ['deque([(<aiohttp.client_proto.ResponseHandler object at 0x74e9eadf3230>, 505380.960722967)])']
connector: <aiohttp.connector.TCPConnector object at 0x74e9e1d5b890>
2026-05-24 11:20:09,428 - INFO - Alpha V10.6 启动
2026-05-24 11:20:09,440 - INFO - 交易所连接成功
2026-05-24 11:20:09,521 - WARNING - 获取失败 (1/3): okx {"msg":"Invalid OK-ACCESS-KEY","code":"50111"}
2026-05-24 11:20:10,761 - WARNING - 获取失败 (2/3): okx {"msg":"Invalid OK-ACCESS-KEY","code":"50111"}
2026-05-24 11:20:11,995 - WARNING - 获取失败 (3/3): okx {"msg":"Invalid OK-ACCESS-KEY","code":"50111"}
2026-05-24 11:20:12,997 - CRITICAL - 对账失败: 交易所数据异常，终止对账
2026-05-24 11:20:13,160 - WARNING - okx requires to release all resources with an explicit call to the .close() coroutine. If you are using the exchange instance with async coroutines, add `await exchange.close()` to your code into a place when you're done with the exchange and don't need the exchange instance anymore (at the end of your async coroutine).
2026-05-24 11:20:13,160 - ERROR - Unclosed connector
connections: ['deque([(<aiohttp.client_proto.ResponseHandler object at 0x73fe2c1d3230>, 505385.992824271)])']
connector: <aiohttp.connector.TCPConnector object at 0x73fe23bca510>
2026-05-24 11:20:14,424 - INFO - Alpha V10.6 启动
2026-05-24 11:20:14,436 - INFO - 交易所连接成功
2026-05-24 11:20:14,519 - WARNING - 获取失败 (1/3): okx {"msg":"Invalid OK-ACCESS-KEY","code":"50111"}
2026-05-24 11:20:15,759 - WARNING - 获取失败 (2/3): okx {"msg":"Invalid OK-ACCESS-KEY","code":"50111"}
2026-05-24 11:20:16,994 - WARNING - 获取失败 (3/3): okx {"msg":"Invalid OK-ACCESS-KEY","code":"50111"}
2026-05-24 11:20:17,996 - CRITICAL - 对账失败: 交易所数据异常，终止对账
2026-05-24 11:20:18,147 - WARNING - okx requires to release all resources with an explicit call to the .close() coroutine. If you are using the exchange instance with async coroutines, add `await exchange.close()` to your code into a place when you're done with the exchange and don't need the exchange instance anymore (at the end of your async coroutine).
2026-05-24 11:20:18,147 - ERROR - Unclosed connector
connections: ['deque([(<aiohttp.client_proto.ResponseHandler object at 0x73c4a9250170>, 505390.991568794)])']
connector: <aiohttp.connector.TCPConnector object at 0x73c4ab2ed430>
2026-05-24 11:20:19,404 - INFO - Alpha V10.6 启动
2026-05-24 11:20:19,415 - INFO - 交易所连接成功
2026-05-24 11:20:19,489 - WARNING - 获取失败 (1/3): okx {"msg":"Invalid OK-ACCESS-KEY","code":"50111"}
2026-05-24 11:20:20,720 - WARNING - 获取失败 (2/3): okx {"msg":"Invalid OK-ACCESS-KEY","code":"50111"}
2026-05-24 11:20:21,953 - WARNING - 获取失败 (3/3): okx {"msg":"Invalid OK-ACCESS-KEY","code":"50111"}
2026-05-24 11:20:22,955 - CRITICAL - 对账失败: 交易所数据异常，终止对账
2026-05-24 11:20:23,154 - WARNING - okx requires to release all resources with an explicit call to the .close() coroutine. If you are using the exchange instance with async coroutines, add `await exchange.close()` to your code into a place when you're done with the exchange and don't need the exchange instance anymore (at the end of your async coroutine).
2026-05-24 11:20:23,156 - ERROR - Unclosed connector
connections: ['deque([(<aiohttp.client_proto.ResponseHandler object at 0x76bd2486b230>, 505395.95077663)])']
connector: <aiohttp.connector.TCPConnector object at 0x76bd1c80aed0>
2026-05-24 11:20:24,992 - INFO - Alpha V10.6 启动
2026-05-24 11:20:25,008 - INFO - 交易所连接成功
2026-05-24 11:20:25,107 - WARNING - 获取失败 (1/3): okx {"msg":"Invalid OK-ACCESS-KEY","code":"50111"}
2026-05-24 11:20:26,338 - WARNING - 获取失败 (2/3): okx {"msg":"Invalid OK-ACCESS-KEY","code":"50111"}
2026-05-24 11:20:27,630 - WARNING - 获取失败 (3/3): okx {"msg":"Invalid OK-ACCESS-KEY","code":"50111"}
2026-05-24 11:20:28,632 - CRITICAL - 对账失败: 交易所数据异常，终止对账
2026-05-24 11:20:28,836 - WARNING - okx requires to release all resources with an explicit call to the .close() coroutine. If you are using the exchange instance with async coroutines, add `await exchange.close()` to your code into a place when you're done with the exchange and don't need the exchange instance anymore (at the end of your async coroutine).
2026-05-24 11:20:28,836 - ERROR - Unclosed connector
connections: ['deque([(<aiohttp.client_proto.ResponseHandler object at 0x74a72a834110>, 505401.627847584)])']
connector: <aiohttp.connector.TCPConnector object at 0x74a72c8a5af0>
2026-05-24 11:20:30,632 - INFO - Alpha V10.6 启动
2026-05-24 11:20:30,648 - INFO - 交易所连接成功
2026-05-24 11:20:30,743 - WARNING - 获取失败 (1/3): okx {"msg":"Invalid OK-ACCESS-KEY","code":"50111"}
2026-05-24 11:20:31,978 - WARNING - 获取失败 (2/3): okx {"msg":"Invalid OK-ACCESS-KEY","code":"50111"}
2026-05-24 11:20:33,206 - WARNING - 获取失败 (3/3): okx {"msg":"Invalid OK-ACCESS-KEY","code":"50111"}
2026-05-24 11:20:34,208 - CRITICAL - 对账失败: 交易所数据异常，终止对账
2026-05-24 11:20:34,371 - WARNING - okx requires to release all resources with an explicit call to the .close() coroutine. If you are using the exchange instance with async coroutines, add `await exchange.close()` to your code into a place when you're done with the exchange and don't need the exchange instance anymore (at the end of your async coroutine).
2026-05-24 11:20:34,371 - ERROR - Unclosed connector
connections: ['deque([(<aiohttp.client_proto.ResponseHandler object at 0x7989968a01d0>, 505407.204206132)])']
connector: <aiohttp.connector.TCPConnector object at 0x798997589a00>
2026-05-24 11:20:35,624 - INFO - Alpha V10.6 启动
2026-05-24 11:20:35,635 - INFO - 交易所连接成功
2026-05-24 11:20:35,712 - WARNING - 获取失败 (1/3): okx {"msg":"Invalid OK-ACCESS-KEY","code":"50111"}
2026-05-24 11:20:36,943 - WARNING - 获取失败 (2/3): okx {"msg":"Invalid OK-ACCESS-KEY","code":"50111"}
2026-05-24 11:20:38,177 - WARNING - 获取失败 (3/3): okx {"msg":"Invalid OK-ACCESS-KEY","code":"50111"}
2026-05-24 11:20:39,179 - CRITICAL - 对账失败: 交易所数据异常，终止对账
2026-05-24 11:20:39,340 - WARNING - okx requires to release all resources with an explicit call to the .close() coroutine. If you are using the exchange instance with async coroutines, add `await exchange.close()` to your code into a place when you're done with the exchange and don't need the exchange instance anymore (at the end of your async coroutine).
2026-05-24 11:20:39,341 - ERROR - Unclosed connector
connections: ['deque([(<aiohttp.client_proto.ResponseHandler object at 0x7952a765c230>, 505412.174765902)])']
connector: <aiohttp.connector.TCPConnector object at 0x7952a8369580>
2026-05-24 11:20:40,678 - INFO - Alpha V10.6 启动
2026-05-24 11:20:40,689 - INFO - 交易所连接成功
2026-05-24 11:20:40,761 - WARNING - 获取失败 (1/3): okx {"msg":"Invalid OK-ACCESS-KEY","code":"50111"}
2026-05-24 11:20:41,993 - WARNING - 获取失败 (2/3): okx {"msg":"Invalid OK-ACCESS-KEY","code":"50111"}
2026-05-24 11:20:43,226 - WARNING - 获取失败 (3/3): okx {"msg":"Invalid OK-ACCESS-KEY","code":"50111"}
2026-05-24 11:20:44,228 - CRITICAL - 对账失败: 交易所数据异常，终止对账
2026-05-24 11:20:44,385 - WARNING - okx requires to release all resources with an explicit call to the .close() coroutine. If you are using the exchange instance with async coroutines, add `await exchange.close()` to your code into a place when you're done with the exchange and don't need the exchange instance anymore (at the end of your async coroutine).
2026-05-24 11:20:44,386 - ERROR - Unclosed connector
connections: ['deque([(<aiohttp.client_proto.ResponseHandler object at 0x766848ae4290>, 505417.224098168)])']
connector: <aiohttp.connector.TCPConnector object at 0x76685619b1a0>
2026-05-24 11:20:45,650 - INFO - Alpha V10.6 启动
2026-05-24 11:20:45,661 - INFO - 交易所连接成功
2026-05-24 11:20:45,737 - WARNING - 获取失败 (1/3): okx {"msg":"Invalid OK-ACCESS-KEY","code":"50111"}
2026-05-24 11:20:46,976 - WARNING - 获取失败 (2/3): okx {"msg":"Invalid OK-ACCESS-KEY","code":"50111"}
2026-05-24 11:20:48,208 - WARNING - 获取失败 (3/3): okx {"msg":"Invalid OK-ACCESS-KEY","code":"50111"}
2026-05-24 11:20:49,210 - CRITICAL - 对账失败: 交易所数据异常，终止对账
2026-05-24 11:20:49,372 - WARNING - okx requires to release all resources with an explicit call to the .close() coroutine. If you are using the exchange instance with async coroutines, add `await exchange.close()` to your code into a place when you're done with the exchange and don't need the exchange instance anymore (at the end of your async coroutine).
2026-05-24 11:20:49,372 - ERROR - Unclosed connector
connections: ['deque([(<aiohttp.client_proto.ResponseHandler object at 0x7c57f8644470>, 505422.205616795)])']
connector: <aiohttp.connector.TCPConnector object at 0x7c57f9124d40>
2026-05-24 11:20:50,677 - INFO - Alpha V10.6 启动
2026-05-24 11:20:50,689 - INFO - 交易所连接成功
2026-05-24 11:20:50,765 - WARNING - 获取失败 (1/3): okx {"msg":"Invalid OK-ACCESS-KEY","code":"50111"}
2026-05-24 11:20:52,000 - WARNING - 获取失败 (2/3): okx {"msg":"Invalid OK-ACCESS-KEY","code":"50111"}
2026-05-24 11:20:53,233 - WARNING - 获取失败 (3/3): okx {"msg":"Invalid OK-ACCESS-KEY","code":"50111"}
2026-05-24 11:20:54,235 - CRITICAL - 对账失败: 交易所数据异常，终止对账
2026-05-24 11:20:54,391 - WARNING - okx requires to release all resources with an explicit call to the .close() coroutine. If you are using the exchange instance with async coroutines, add `await exchange.close()` to your code into a place when you're done with the exchange and don't need the exchange instance anymore (at the end of your async coroutine).
2026-05-24 11:20:54,391 - ERROR - Unclosed connector
connections: ['deque([(<aiohttp.client_proto.ResponseHandler object at 0x7176a1dd8170>, 505427.230671989)])']
connector: <aiohttp.connector.TCPConnector object at 0x7176975e24b0>
2026-05-24 11:20:55,645 - INFO - Alpha V10.6 启动
2026-05-24 11:20:55,664 - INFO - 交易所连接成功
2026-05-24 11:20:55,755 - WARNING - 获取失败 (1/3): okx {"msg":"Invalid OK-ACCESS-KEY","code":"50111"}
2026-05-24 11:20:57,000 - WARNING - 获取失败 (2/3): okx {"msg":"Invalid OK-ACCESS-KEY","code":"50111"}
2026-05-24 11:20:58,243 - WARNING - 获取失败 (3/3): okx {"msg":"Invalid OK-ACCESS-KEY","code":"50111"}
2026-05-24 11:20:59,245 - CRITICAL - 对账失败: 交易所数据异常，终止对账
2026-05-24 11:20:59,399 - WARNING - okx requires to release all resources with an explicit call to the .close() coroutine. If you are using the exchange instance with async coroutines, add `await exchange.close()` to your code into a place when you're done with the exchange and don't need the exchange instance anymore (at the end of your async coroutine).
2026-05-24 11:20:59,399 - ERROR - Unclosed connector
connections: ['deque([(<aiohttp.client_proto.ResponseHandler object at 0x7e8e5605c230>, 505432.241262352)])']
connector: <aiohttp.connector.TCPConnector object at 0x7e8e5cd8dd00>
2026-05-24 11:21:00,693 - INFO - Alpha V10.6 启动
2026-05-24 11:21:00,705 - INFO - 交易所连接成功
2026-05-24 11:21:00,784 - WARNING - 获取失败 (1/3): okx {"msg":"Invalid OK-ACCESS-KEY","code":"50111"}
2026-05-24 11:21:02,024 - WARNING - 获取失败 (2/3): okx {"msg":"Invalid OK-ACCESS-KEY","code":"50111"}
2026-05-24 11:21:03,266 - WARNING - 获取失败 (3/3): okx {"msg":"Invalid OK-ACCESS-KEY","code":"50111"}
2026-05-24 11:21:04,268 - CRITICAL - 对账失败: 交易所数据异常，终止对账
2026-05-24 11:21:04,423 - WARNING - okx requires to release all resources with an explicit call to the .close() coroutine. If you are using the exchange instance with async coroutines, add `await exchange.close()` to your code into a place when you're done with the exchange and don't need the exchange instance anymore (at the end of your async coroutine).
2026-05-24 11:21:04,423 - ERROR - Unclosed connector
connections: ['deque([(<aiohttp.client_proto.ResponseHandler object at 0x7e9e42310350>, 505437.263588376)])']
connector: <aiohttp.connector.TCPConnector object at 0x7e9e43baf5f0>
2026-05-24 11:21:05,685 - INFO - Alpha V10.6 启动
2026-05-24 11:21:05,697 - INFO - 交易所连接成功
2026-05-24 11:21:05,787 - WARNING - 获取失败 (1/3): okx {"msg":"Invalid OK-ACCESS-KEY","code":"50111"}
2026-05-24 11:21:07,024 - WARNING - 获取失败 (2/3): okx {"msg":"Invalid OK-ACCESS-KEY","code":"50111"}
2026-05-24 11:21:08,258 - WARNING - 获取失败 (3/3): okx {"msg":"Invalid OK-ACCESS-KEY","code":"50111"}
2026-05-24 11:21:09,260 - CRITICAL - 对账失败: 交易所数据异常，终止对账
2026-05-24 11:21:09,416 - WARNING - okx requires to release all resources with an explicit call to the .close() coroutine. If you are using the exchange instance with async coroutines, add `await exchange.close()` to your code into a place when you're done with the exchange and don't need the exchange instance anymore (at the end of your async coroutine).
2026-05-24 11:21:09,416 - ERROR - Unclosed connector
connections: ['deque([(<aiohttp.client_proto.ResponseHandler object at 0x779e998d8470>, 505442.255481303)])']
connector: <aiohttp.connector.TCPConnector object at 0x779e9b0293a0>
2026-05-24 11:21:10,670 - INFO - Alpha V10.6 启动
2026-05-24 11:21:10,682 - INFO - 交易所连接成功
2026-05-24 11:21:10,767 - WARNING - 获取失败 (1/3): okx {"msg":"Invalid OK-ACCESS-KEY","code":"50111"}
2026-05-24 11:21:12,035 - WARNING - 获取失败 (2/3): okx {"msg":"Invalid OK-ACCESS-KEY","code":"50111"}
2026-05-24 11:21:13,276 - WARNING - 获取失败 (3/3): okx {"msg":"Invalid OK-ACCESS-KEY","code":"50111"}
2026-05-24 11:21:14,277 - CRITICAL - 对账失败: 交易所数据异常，终止对账
2026-05-24 11:21:14,440 - WARNING - okx requires to release all resources with an explicit call to the .close() coroutine. If you are using the exchange instance with async coroutines, add `await exchange.close()` to your code into a place when you're done with the exchange and don't need the exchange instance anymore (at the end of your async coroutine).
2026-05-24 11:21:14,440 - ERROR - Unclosed connector
connections: ['deque([(<aiohttp.client_proto.ResponseHandler object at 0x7c62dfed4350>, 505447.273517181)])']
connector: <aiohttp.connector.TCPConnector object at 0x7c62ed79b1a0>
2026-05-24 11:21:15,711 - INFO - Alpha V10.6 启动
2026-05-24 11:21:15,722 - INFO - 交易所连接成功
2026-05-24 11:21:15,801 - WARNING - 获取失败 (1/3): okx {"msg":"Invalid OK-ACCESS-KEY","code":"50111"}
2026-05-24 11:21:17,034 - WARNING - 获取失败 (2/3): okx {"msg":"Invalid OK-ACCESS-KEY","code":"50111"}
2026-05-24 11:21:18,262 - WARNING - 获取失败 (3/3): okx {"msg":"Invalid OK-ACCESS-KEY","code":"50111"}
2026-05-24 11:21:19,264 - CRITICAL - 对账失败: 交易所数据异常，终止对账
2026-05-24 11:21:19,419 - WARNING - okx requires to release all resources with an explicit call to the .close() coroutine. If you are using the exchange instance with async coroutines, add `await exchange.close()` to your code into a place when you're done with the exchange and don't need the exchange instance anymore (at the end of your async coroutine).
2026-05-24 11:21:19,420 - ERROR - Unclosed connector
connections: ['deque([(<aiohttp.client_proto.ResponseHandler object at 0x78a194d87170>, 505452.260355053)])']
connector: <aiohttp.connector.TCPConnector object at 0x78a18bce2810>
2026-05-24 11:21:20,691 - INFO - Alpha V10.6 启动
2026-05-24 11:21:20,703 - INFO - 交易所连接成功
2026-05-24 11:21:20,790 - WARNING - 获取失败 (1/3): okx {"msg":"Invalid OK-ACCESS-KEY","code":"50111"}
2026-05-24 11:21:22,033 - WARNING - 获取失败 (2/3): okx {"msg":"Invalid OK-ACCESS-KEY","code":"50111"}
2026-05-24 11:21:23,272 - WARNING - 获取失败 (3/3): okx {"msg":"Invalid OK-ACCESS-KEY","code":"50111"}
2026-05-24 11:21:24,273 - CRITICAL - 对账失败: 交易所数据异常，终止对账
2026-05-24 11:21:24,427 - WARNING - okx requires to release all resources with an explicit call to the .close() coroutine. If you are using the exchange instance with async coroutines, add `await exchange.close()` to your code into a place when you're done with the exchange and don't need the exchange instance anymore (at the end of your async coroutine).
2026-05-24 11:21:24,427 - ERROR - Unclosed connector
connections: ['deque([(<aiohttp.client_proto.ResponseHandler object at 0x752a7c53c290>, 505457.269442365)])']
connector: <aiohttp.connector.TCPConnector object at 0x752a7e43a000>
2026-05-24 11:21:25,682 - INFO - Alpha V10.6 启动
2026-05-24 11:21:25,694 - INFO - 交易所连接成功
2026-05-24 11:21:25,769 - WARNING - 获取失败 (1/3): okx {"msg":"Invalid OK-ACCESS-KEY","code":"50111"}
2026-05-24 11:21:26,996 - WARNING - 获取失败 (2/3): okx {"msg":"Invalid OK-ACCESS-KEY","code":"50111"}
2026-05-24 11:21:28,232 - WARNING - 获取失败 (3/3): okx {"msg":"Invalid OK-ACCESS-KEY","code":"50111"}
2026-05-24 11:21:29,234 - CRITICAL - 对账失败: 交易所数据异常，终止对账
2026-05-24 11:21:29,428 - WARNING - okx requires to release all resources with an explicit call to the .close() coroutine. If you are using the exchange instance with async coroutines, add `await exchange.close()` to your code into a place when you're done with the exchange and don't need the exchange instance anymore (at the end of your async coroutine).
2026-05-24 11:21:29,429 - ERROR - Unclosed connector
connections: ['deque([(<aiohttp.client_proto.ResponseHandler object at 0x7b78658c43b0>, 505462.229390021)])']
connector: <aiohttp.connector.TCPConnector object at 0x7b7866f63a70>
2026-05-24 11:21:30,818 - INFO - Alpha V10.6 启动
2026-05-24 11:21:30,829 - INFO - 交易所连接成功
2026-05-24 11:21:30,906 - WARNING - 获取失败 (1/3): okx {"msg":"Invalid OK-ACCESS-KEY","code":"50111"}
2026-05-24 11:21:32,138 - WARNING - 获取失败 (2/3): okx {"msg":"Invalid OK-ACCESS-KEY","code":"50111"}
2026-05-24 11:21:33,368 - WARNING - 获取失败 (3/3): okx {"msg":"Invalid OK-ACCESS-KEY","code":"50111"}
2026-05-24 11:21:34,370 - CRITICAL - 对账失败: 交易所数据异常，终止对账
2026-05-24 11:21:34,524 - WARNING - okx requires to release all resources with an explicit call to the .close() coroutine. If you are using the exchange instance with async coroutines, add `await exchange.close()` to your code into a place when you're done with the exchange and don't need the exchange instance anymore (at the end of your async coroutine).
2026-05-24 11:21:34,524 - ERROR - Unclosed connector
connections: ['deque([(<aiohttp.client_proto.ResponseHandler object at 0x7f857c5f3230>, 505467.366027169)])']
connector: <aiohttp.connector.TCPConnector object at 0x7f857377f2f0>
2026-05-24 11:21:35,796 - INFO - Alpha V10.6 启动
2026-05-24 11:21:35,807 - INFO - 交易所连接成功
2026-05-24 11:21:35,885 - WARNING - 获取失败 (1/3): okx {"msg":"Invalid OK-ACCESS-KEY","code":"50111"}
2026-05-24 11:21:37,121 - WARNING - 获取失败 (2/3): okx {"msg":"Invalid OK-ACCESS-KEY","code":"50111"}
2026-05-24 11:21:38,349 - WARNING - 获取失败 (3/3): okx {"msg":"Invalid OK-ACCESS-KEY","code":"50111"}
2026-05-24 11:21:39,351 - CRITICAL - 对账失败: 交易所数据异常，终止对账
2026-05-24 11:21:39,510 - WARNING - okx requires to release all resources with an explicit call to the .close() coroutine. If you are using the exchange instance with async coroutines, add `await exchange.close()` to your code into a place when you're done with the exchange and don't need the exchange instance anymore (at the end of your async coroutine).
2026-05-24 11:21:39,510 - ERROR - Unclosed connector
connections: ['deque([(<aiohttp.client_proto.ResponseHandler object at 0x77049b45c1d0>, 505472.3465977)])']
connector: <aiohttp.connector.TCPConnector object at 0x77049d3bdbe0>
2026-05-24 11:21:41,078 - INFO - Alpha V10.6 启动
2026-05-24 11:21:41,089 - INFO - 交易所连接成功
2026-05-24 11:21:41,168 - WARNING - 获取失败 (1/3): okx {"msg":"Invalid OK-ACCESS-KEY","code":"50111"}
2026-05-24 11:21:42,404 - WARNING - 获取失败 (2/3): okx {"msg":"Invalid OK-ACCESS-KEY","code":"50111"}
2026-05-24 11:21:43,638 - WARNING - 获取失败 (3/3): okx {"msg":"Invalid OK-ACCESS-KEY","code":"50111"}
2026-05-24 11:21:44,640 - CRITICAL - 对账失败: 交易所数据异常，终止对账
2026-05-24 11:21:44,811 - WARNING - okx requires to release all resources with an explicit call to the .close() coroutine. If you are using the exchange instance with async coroutines, add `await exchange.close()` to your code into a place when you're done with the exchange and don't need the exchange instance anymore (at the end of your async coroutine).
2026-05-24 11:21:44,811 - ERROR - Unclosed connector
connections: ['deque([(<aiohttp.client_proto.ResponseHandler object at 0x7637f72401d0>, 505477.636064244)])']
connector: <aiohttp.connector.TCPConnector object at 0x7637f84d5160>
2026-05-24 11:21:46,161 - INFO - Alpha V10.6 启动
2026-05-24 11:21:46,173 - INFO - 交易所连接成功
2026-05-24 11:21:46,260 - WARNING - 获取失败 (1/3): okx {"msg":"Invalid OK-ACCESS-KEY","code":"50111"}
2026-05-24 11:21:47,494 - WARNING - 获取失败 (2/3): okx {"msg":"Invalid OK-ACCESS-KEY","code":"50111"}
2026-05-24 11:21:48,729 - WARNING - 获取失败 (3/3): okx {"msg":"Invalid OK-ACCESS-KEY","code":"50111"}
2026-05-24 11:21:49,731 - CRITICAL - 对账失败: 交易所数据异常，终止对账
2026-05-24 11:21:49,900 - WARNING - okx requires to release all resources with an explicit call to the .close() coroutine. If you are using the exchange instance with async coroutines, add `await exchange.close()` to your code into a place when you're done with the exchange and don't need the exchange instance anymore (at the end of your async coroutine).
2026-05-24 11:21:49,900 - ERROR - Unclosed connector
connections: ['deque([(<aiohttp.client_proto.ResponseHandler object at 0x7614c10b8230>, 505482.726666816)])']
connector: <aiohttp.connector.TCPConnector object at 0x7614c2200710>
2026-05-24 11:21:51,338 - INFO - Alpha V10.6 启动
2026-05-24 11:21:51,354 - INFO - 交易所连接成功
2026-05-24 11:21:51,449 - WARNING - 获取失败 (1/3): okx {"msg":"Invalid OK-ACCESS-KEY","code":"50111"}
2026-05-24 11:21:52,680 - WARNING - 获取失败 (2/3): okx {"msg":"Invalid OK-ACCESS-KEY","code":"50111"}
2026-05-24 11:21:53,917 - WARNING - 获取失败 (3/3): okx {"msg":"Invalid OK-ACCESS-KEY","code":"50111"}
2026-05-24 11:21:54,919 - CRITICAL - 对账失败: 交易所数据异常，终止对账
2026-05-24 11:21:55,072 - WARNING - okx requires to release all resources with an explicit call to the .close() coroutine. If you are using the exchange instance with async coroutines, add `await exchange.close()` to your code into a place when you're done with the exchange and don't need the exchange instance anymore (at the end of your async coroutine).
2026-05-24 11:21:55,072 - ERROR - Unclosed connector
connections: ['deque([(<aiohttp.client_proto.ResponseHandler object at 0x716cb3654110>, 505487.91528732)])']
connector: <aiohttp.connector.TCPConnector object at 0x716cb56eed80>
2026-05-24 11:21:56,331 - INFO - Alpha V10.6 启动
2026-05-24 11:21:56,343 - INFO - 交易所连接成功
2026-05-24 11:21:56,416 - WARNING - 获取失败 (1/3): okx {"msg":"Invalid OK-ACCESS-KEY","code":"50111"}
2026-05-24 11:21:57,652 - WARNING - 获取失败 (2/3): okx {"msg":"Invalid OK-ACCESS-KEY","code":"50111"}
2026-05-24 11:21:58,891 - WARNING - 获取失败 (3/3): okx {"msg":"Invalid OK-ACCESS-KEY","code":"50111"}
2026-05-24 11:21:59,893 - CRITICAL - 对账失败: 交易所数据异常，终止对账
2026-05-24 11:22:00,049 - WARNING - okx requires to release all resources with an explicit call to the .close() coroutine. If you are using the exchange instance with async coroutines, add `await exchange.close()` to your code into a place when you're done with the exchange and don't need the exchange instance anymore (at the end of your async coroutine).
2026-05-24 11:22:00,049 - ERROR - Unclosed connector
connections: ['deque([(<aiohttp.client_proto.ResponseHandler object at 0x792e13bf8350>, 505492.888971881)])']
connector: <aiohttp.connector.TCPConnector object at 0x792e13d85160>
2026-05-24 11:22:01,312 - INFO - Alpha V10.6 启动
2026-05-24 11:22:01,324 - INFO - 交易所连接成功
2026-05-24 11:22:01,407 - WARNING - 获取失败 (1/3): okx {"msg":"Invalid OK-ACCESS-KEY","code":"50111"}
2026-05-24 11:22:02,641 - WARNING - 获取失败 (2/3): okx {"msg":"Invalid OK-ACCESS-KEY","code":"50111"}
2026-05-24 11:22:03,873 - WARNING - 获取失败 (3/3): okx {"msg":"Invalid OK-ACCESS-KEY","code":"50111"}
2026-05-24 11:22:04,875 - CRITICAL - 对账失败: 交易所数据异常，终止对账
2026-05-24 11:22:05,030 - WARNING - okx requires to release all resources with an explicit call to the .close() coroutine. If you are using the exchange instance with async coroutines, add `await exchange.close()` to your code into a place when you're done with the exchange and don't need the exchange instance anymore (at the end of your async coroutine).
2026-05-24 11:22:05,031 - ERROR - Unclosed connector
connections: ['deque([(<aiohttp.client_proto.ResponseHandler object at 0x75f0ccb73230>, 505497.870943404)])']
connector: <aiohttp.connector.TCPConnector object at 0x75f0c3b06060>
2026-05-24 11:22:06,292 - INFO - Alpha V10.6 启动
2026-05-24 11:22:06,304 - INFO - 交易所连接成功
2026-05-24 11:22:06,384 - WARNING - 获取失败 (1/3): okx {"msg":"Invalid OK-ACCESS-KEY","code":"50111"}
2026-05-24 11:22:07,615 - WARNING - 获取失败 (2/3): okx {"msg":"Invalid OK-ACCESS-KEY","code":"50111"}
2026-05-24 11:22:08,849 - WARNING - 获取失败 (3/3): okx {"msg":"Invalid OK-ACCESS-KEY","code":"50111"}
2026-05-24 11:22:09,851 - CRITICAL - 对账失败: 交易所数据异常，终止对账
2026-05-24 11:22:10,011 - WARNING - okx requires to release all resources with an explicit call to the .close() coroutine. If you are using the exchange instance with async coroutines, add `await exchange.close()` to your code into a place when you're done with the exchange and don't need the exchange instance anymore (at the end of your async coroutine).
2026-05-24 11:22:10,011 - ERROR - Unclosed connector
connections: ['deque([(<aiohttp.client_proto.ResponseHandler object at 0x7a758bf0b230>, 505502.846644515)])']
connector: <aiohttp.connector.TCPConnector object at 0x7a7583088e00>
2026-05-24 11:22:11,273 - INFO - Alpha V10.6 启动
2026-05-24 11:22:11,284 - INFO - 交易所连接成功
2026-05-24 11:22:11,359 - WARNING - 获取失败 (1/3): okx {"msg":"Invalid OK-ACCESS-KEY","code":"50111"}
2026-05-24 11:22:12,592 - WARNING - 获取失败 (2/3): okx {"msg":"Invalid OK-ACCESS-KEY","code":"50111"}
2026-05-24 11:22:13,628 - WARNING - okx requires to release all resources with an explicit call to the .close() coroutine. If you are using the exchange instance with async coroutines, add `await exchange.close()` to your code into a place when you're done with the exchange and don't need the exchange instance anymore (at the end of your async coroutine).
2026-05-24 11:22:13,629 - ERROR - Unclosed client session
client_session: <aiohttp.client.ClientSession object at 0x73bb24dc9d30>
2026-05-24 11:22:13,629 - ERROR - Unclosed connector
connections: ['deque([(<aiohttp.client_proto.ResponseHandler object at 0x73bb22ef01d0>, 505506.588809615)])']
connector: <aiohttp.connector.TCPConnector object at 0x73bb24dc99d0>
2026-05-24 11:22:31,773 - INFO - Alpha V10.6 启动
2026-05-24 11:22:31,785 - INFO - 交易所连接成功
2026-05-24 11:22:31,878 - WARNING - 获取失败 (1/3): okx {"msg":"Invalid OK-ACCESS-KEY","code":"50111"}
2026-05-24 11:22:33,116 - WARNING - 获取失败 (2/3): okx {"msg":"Invalid OK-ACCESS-KEY","code":"50111"}
2026-05-24 11:22:34,355 - WARNING - 获取失败 (3/3): okx {"msg":"Invalid OK-ACCESS-KEY","code":"50111"}
2026-05-24 11:22:35,357 - CRITICAL - 对账失败: 交易所数据异常，终止对账
2026-05-24 11:22:35,511 - WARNING - okx requires to release all resources with an explicit call to the .close() coroutine. If you are using the exchange instance with async coroutines, add `await exchange.close()` to your code into a place when you're done with the exchange and don't need the exchange instance anymore (at the end of your async coroutine).
2026-05-24 11:22:35,511 - ERROR - Unclosed connector
connections: ['deque([(<aiohttp.client_proto.ResponseHandler object at 0x7014a3e102f0>, 505528.352582466)])']
connector: <aiohttp.connector.TCPConnector object at 0x7014a65f1a30>
2026-05-24 11:22:36,772 - INFO - Alpha V10.6 启动
2026-05-24 11:22:36,784 - INFO - 交易所连接成功
2026-05-24 11:22:36,865 - WARNING - 获取失败 (1/3): okx {"msg":"Invalid OK-ACCESS-KEY","code":"50111"}
2026-05-24 11:22:38,097 - WARNING - 获取失败 (2/3): okx {"msg":"Invalid OK-ACCESS-KEY","code":"50111"}
2026-05-24 11:22:39,342 - WARNING - 获取失败 (3/3): okx {"msg":"Invalid OK-ACCESS-KEY","code":"50111"}
2026-05-24 11:22:40,344 - CRITICAL - 对账失败: 交易所数据异常，终止对账
2026-05-24 11:22:40,509 - WARNING - okx requires to release all resources with an explicit call to the .close() coroutine. If you are using the exchange instance with async coroutines, add `await exchange.close()` to your code into a place when you're done with the exchange and don't need the exchange instance anymore (at the end of your async coroutine).
2026-05-24 11:22:40,509 - ERROR - Unclosed connector
connections: ['deque([(<aiohttp.client_proto.ResponseHandler object at 0x7bfefa89c230>, 505533.339826438)])']
connector: <aiohttp.connector.TCPConnector object at 0x7bfefc8b70b0>
2026-05-24 11:22:41,827 - INFO - Alpha V10.6 启动
2026-05-24 11:22:41,838 - INFO - 交易所连接成功
2026-05-24 11:22:41,915 - WARNING - 获取失败 (1/3): okx {"msg":"Invalid OK-ACCESS-KEY","code":"50111"}
2026-05-24 11:22:43,147 - WARNING - 获取失败 (2/3): okx {"msg":"Invalid OK-ACCESS-KEY","code":"50111"}
2026-05-24 11:22:44,386 - WARNING - 获取失败 (3/3): okx {"msg":"Invalid OK-ACCESS-KEY","code":"50111"}
2026-05-24 11:22:45,387 - CRITICAL - 对账失败: 交易所数据异常，终止对账
2026-05-24 11:22:45,542 - WARNING - okx requires to release all resources with an explicit call to the .close() coroutine. If you are using the exchange instance with async coroutines, add `await exchange.close()` to your code into a place when you're done with the exchange and don't need the exchange instance anymore (at the end of your async coroutine).
2026-05-24 11:22:45,542 - ERROR - Unclosed connector
connections: ['deque([(<aiohttp.client_proto.ResponseHandler object at 0x74c6a040c350>, 505538.38338463)])']
connector: <aiohttp.connector.TCPConnector object at 0x74c6a131a510>
2026-05-24 11:22:46,822 - INFO - Alpha V10.6 启动
2026-05-24 11:22:46,834 - INFO - 交易所连接成功
2026-05-24 11:22:46,920 - WARNING - 获取失败 (1/3): okx {"msg":"Invalid OK-ACCESS-KEY","code":"50111"}
2026-05-24 11:22:48,156 - WARNING - 获取失败 (2/3): okx {"msg":"Invalid OK-ACCESS-KEY","code":"50111"}
2026-05-24 11:22:49,390 - WARNING - 获取失败 (3/3): okx {"msg":"Invalid OK-ACCESS-KEY","code":"50111"}
2026-05-24 11:22:50,391 - CRITICAL - 对账失败: 交易所数据异常，终止对账
2026-05-24 11:22:50,549 - WARNING - okx requires to release all resources with an explicit call to the .close() coroutine. If you are using the exchange instance with async coroutines, add `await exchange.close()` to your code into a place when you're done with the exchange and don't need the exchange instance anymore (at the end of your async coroutine).
2026-05-24 11:22:50,550 - ERROR - Unclosed connector
connections: ['deque([(<aiohttp.client_proto.ResponseHandler object at 0x73d08d6c4290>, 505543.387857577)])']
connector: <aiohttp.connector.TCPConnector object at 0x73d0943b79b0>
2026-05-24 11:22:51,800 - INFO - Alpha V10.6 启动
2026-05-24 11:22:51,812 - INFO - 交易所连接成功
2026-05-24 11:22:51,892 - WARNING - 获取失败 (1/3): okx {"msg":"Invalid OK-ACCESS-KEY","code":"50111"}
2026-05-24 11:22:53,130 - WARNING - 获取失败 (2/3): okx {"msg":"Invalid OK-ACCESS-KEY","code":"50111"}
2026-05-24 11:22:54,356 - WARNING - 获取失败 (3/3): okx {"msg":"Invalid OK-ACCESS-KEY","code":"50111"}
2026-05-24 11:22:55,358 - CRITICAL - 对账失败: 交易所数据异常，终止对账
2026-05-24 11:22:55,533 - WARNING - okx requires to release all resources with an explicit call to the .close() coroutine. If you are using the exchange instance with async coroutines, add `await exchange.close()` to your code into a place when you're done with the exchange and don't need the exchange instance anymore (at the end of your async coroutine).
2026-05-24 11:22:55,533 - ERROR - Unclosed connector
connections: ['deque([(<aiohttp.client_proto.ResponseHandler object at 0x7e86a06f81d0>, 505548.354185569)])']
connector: <aiohttp.connector.TCPConnector object at 0x7e86a07d2570>
2026-05-24 11:22:56,857 - INFO - Alpha V10.6 启动
2026-05-24 11:22:56,868 - INFO - 交易所连接成功
2026-05-24 11:22:56,947 - WARNING - 获取失败 (1/3): okx {"msg":"Invalid OK-ACCESS-KEY","code":"50111"}
2026-05-24 11:22:58,175 - WARNING - 获取失败 (2/3): okx {"msg":"Invalid OK-ACCESS-KEY","code":"50111"}
2026-05-24 11:22:59,411 - WARNING - 获取失败 (3/3): okx {"msg":"Invalid OK-ACCESS-KEY","code":"50111"}
2026-05-24 11:23:00,412 - CRITICAL - 对账失败: 交易所数据异常，终止对账
2026-05-24 11:23:00,570 - WARNING - okx requires to release all resources with an explicit call to the .close() coroutine. If you are using the exchange instance with async coroutines, add `await exchange.close()` to your code into a place when you're done with the exchange and don't need the exchange instance anymore (at the end of your async coroutine).
2026-05-24 11:23:00,570 - ERROR - Unclosed connector
connections: ['deque([(<aiohttp.client_proto.ResponseHandler object at 0x718486ef4230>, 505553.408393135)])']
connector: <aiohttp.connector.TCPConnector object at 0x718488dc9f70>
2026-05-24 11:23:01,852 - INFO - Alpha V10.6 启动
2026-05-24 11:23:01,873 - INFO - 交易所连接成功
2026-05-24 11:23:01,958 - WARNING - 获取失败 (1/3): okx {"msg":"Invalid OK-ACCESS-KEY","code":"50111"}
2026-05-24 11:23:03,189 - WARNING - 获取失败 (2/3): okx {"msg":"Invalid OK-ACCESS-KEY","code":"50111"}
2026-05-24 11:23:04,420 - WARNING - 获取失败 (3/3): okx {"msg":"Invalid OK-ACCESS-KEY","code":"50111"}
2026-05-24 11:23:05,422 - CRITICAL - 对账失败: 交易所数据异常，终止对账
2026-05-24 11:23:05,628 - WARNING - okx requires to release all resources with an explicit call to the .close() coroutine. If you are using the exchange instance with async coroutines, add `await exchange.close()` to your code into a place when you're done with the exchange and don't need the exchange instance anymore (at the end of your async coroutine).
2026-05-24 11:23:05,629 - ERROR - Unclosed connector
connections: ['deque([(<aiohttp.client_proto.ResponseHandler object at 0x7a73d30f0110>, 505558.418262396)])']
connector: <aiohttp.connector.TCPConnector object at 0x7a73d3336f00>
2026-05-24 11:23:06,954 - INFO - Alpha V10.6 启动
2026-05-24 11:23:06,965 - INFO - 交易所连接成功
2026-05-24 11:23:07,047 - WARNING - 获取失败 (1/3): okx {"msg":"Invalid OK-ACCESS-KEY","code":"50111"}
2026-05-24 11:23:08,285 - WARNING - 获取失败 (2/3): okx {"msg":"Invalid OK-ACCESS-KEY","code":"50111"}
2026-05-24 11:23:09,521 - WARNING - 获取失败 (3/3): okx {"msg":"Invalid OK-ACCESS-KEY","code":"50111"}
2026-05-24 11:23:10,523 - CRITICAL - 对账失败: 交易所数据异常，终止对账
2026-05-24 11:23:10,678 - WARNING - okx requires to release all resources with an explicit call to the .close() coroutine. If you are using the exchange instance with async coroutines, add `await exchange.close()` to your code into a place when you're done with the exchange and don't need the exchange instance anymore (at the end of your async coroutine).
2026-05-24 11:23:10,679 - ERROR - Unclosed connector
connections: ['deque([(<aiohttp.client_proto.ResponseHandler object at 0x754d80af81d0>, 505563.519218879)])']
connector: <aiohttp.connector.TCPConnector object at 0x754d82216d50>
2026-05-24 11:23:11,936 - INFO - Alpha V10.6 启动
2026-05-24 11:23:11,947 - INFO - 交易所连接成功
2026-05-24 11:23:12,018 - WARNING - 获取失败 (1/3): okx {"msg":"Invalid OK-ACCESS-KEY","code":"50111"}
2026-05-24 11:23:13,251 - WARNING - 获取失败 (2/3): okx {"msg":"Invalid OK-ACCESS-KEY","code":"50111"}
2026-05-24 11:23:14,489 - WARNING - 获取失败 (3/3): okx {"msg":"Invalid OK-ACCESS-KEY","code":"50111"}
2026-05-24 11:23:15,491 - CRITICAL - 对账失败: 交易所数据异常，终止对账
2026-05-24 11:23:15,652 - WARNING - okx requires to release all resources with an explicit call to the .close() coroutine. If you are using the exchange instance with async coroutines, add `await exchange.close()` to your code into a place when you're done with the exchange and don't need the exchange instance anymore (at the end of your async coroutine).
2026-05-24 11:23:15,653 - ERROR - Unclosed connector
connections: ['deque([(<aiohttp.client_proto.ResponseHandler object at 0x7b98bc5e02f0>, 505568.487293773)])']
connector: <aiohttp.connector.TCPConnector object at 0x7b98c398b830>
2026-05-24 11:23:17,201 - INFO - Alpha V10.6 启动
2026-05-24 11:23:17,212 - INFO - 交易所连接成功
2026-05-24 11:23:17,282 - WARNING - 获取失败 (1/3): okx {"msg":"Invalid OK-ACCESS-KEY","code":"50111"}
2026-05-24 11:23:18,519 - WARNING - 获取失败 (2/3): okx {"msg":"Invalid OK-ACCESS-KEY","code":"50111"}
2026-05-24 11:23:19,751 - WARNING - 获取失败 (3/3): okx {"msg":"Invalid OK-ACCESS-KEY","code":"50111"}
2026-05-24 11:23:20,753 - CRITICAL - 对账失败: 交易所数据异常，终止对账
2026-05-24 11:23:20,908 - WARNING - okx requires to release all resources with an explicit call to the .close() coroutine. If you are using the exchange instance with async coroutines, add `await exchange.close()` to your code into a place when you're done with the exchange and don't need the exchange instance anymore (at the end of your async coroutine).
2026-05-24 11:23:20,909 - ERROR - Unclosed connector
connections: ['deque([(<aiohttp.client_proto.ResponseHandler object at 0x7ac48d674230>, 505573.749304826)])']
connector: <aiohttp.connector.TCPConnector object at 0x7ac48f6b70b0>
2026-05-24 11:23:22,145 - INFO - Alpha V10.6 启动
2026-05-24 11:23:22,156 - INFO - 交易所连接成功
2026-05-24 11:23:22,231 - WARNING - 获取失败 (1/3): okx {"msg":"Invalid OK-ACCESS-KEY","code":"50111"}
2026-05-24 11:23:23,464 - WARNING - 获取失败 (2/3): okx {"msg":"Invalid OK-ACCESS-KEY","code":"50111"}
2026-05-24 11:23:24,696 - WARNING - 获取失败 (3/3): okx {"msg":"Invalid OK-ACCESS-KEY","code":"50111"}
2026-05-24 11:23:25,698 - CRITICAL - 对账失败: 交易所数据异常，终止对账
2026-05-24 11:23:25,853 - WARNING - okx requires to release all resources with an explicit call to the .close() coroutine. If you are using the exchange instance with async coroutines, add `await exchange.close()` to your code into a place when you're done with the exchange and don't need the exchange instance anymore (at the end of your async coroutine).
2026-05-24 11:23:25,853 - ERROR - Unclosed connector
connections: ['deque([(<aiohttp.client_proto.ResponseHandler object at 0x717225cc0470>, 505578.69403576)])']
connector: <aiohttp.connector.TCPConnector object at 0x717225fc2930>
2026-05-24 11:23:27,244 - INFO - Alpha V10.6 启动
2026-05-24 11:23:27,259 - INFO - 交易所连接成功
2026-05-24 11:23:27,348 - WARNING - 获取失败 (1/3): okx {"msg":"Invalid OK-ACCESS-KEY","code":"50111"}
2026-05-24 11:23:28,594 - WARNING - 获取失败 (2/3): okx {"msg":"Invalid OK-ACCESS-KEY","code":"50111"}
2026-05-24 11:23:29,835 - WARNING - 获取失败 (3/3): okx {"msg":"Invalid OK-ACCESS-KEY","code":"50111"}
2026-05-24 11:23:30,837 - CRITICAL - 对账失败: 交易所数据异常，终止对账
2026-05-24 11:23:30,991 - WARNING - okx requires to release all resources with an explicit call to the .close() coroutine. If you are using the exchange instance with async coroutines, add `await exchange.close()` to your code into a place when you're done with the exchange and don't need the exchange instance anymore (at the end of your async coroutine).
2026-05-24 11:23:30,992 - ERROR - Unclosed connector
connections: ['deque([(<aiohttp.client_proto.ResponseHandler object at 0x700161e87170>, 505583.833127656)])']
connector: <aiohttp.connector.TCPConnector object at 0x70015a5f6cf0>
2026-05-24 11:23:32,219 - INFO - Alpha V10.6 启动
2026-05-24 11:23:32,231 - INFO - 交易所连接成功
2026-05-24 11:23:32,301 - WARNING - 获取失败 (1/3): okx {"msg":"Invalid OK-ACCESS-KEY","code":"50111"}
2026-05-24 11:23:33,539 - WARNING - 获取失败 (2/3): okx {"msg":"Invalid OK-ACCESS-KEY","code":"50111"}
2026-05-24 11:23:33,720 - WARNING - okx requires to release all resources with an explicit call to the .close() coroutine. If you are using the exchange instance with async coroutines, add `await exchange.close()` to your code into a place when you're done with the exchange and don't need the exchange instance anymore (at the end of your async coroutine).
2026-05-24 11:23:33,721 - ERROR - Unclosed client session
client_session: <aiohttp.client.ClientSession object at 0x7c473b0fcce0>
2026-05-24 11:23:33,721 - ERROR - Unclosed connector
connections: ['deque([(<aiohttp.client_proto.ResponseHandler object at 0x7c47389282f0>, 505587.536376933)])']
connector: <aiohttp.connector.TCPConnector object at 0x7c47393fb080>
2026-05-24 11:23:44,730 - INFO - Alpha V10.6 启动
2026-05-24 11:23:44,742 - INFO - 交易所连接成功
2026-05-24 11:23:45,953 - INFO - 交易所返回持仓数: 1
2026-05-24 11:23:45,958 - WARNING - 补录持仓: DOGE/USDT
2026-05-24 11:23:45,965 - INFO - 对账完成
2026-05-24 11:23:46,245 - INFO - 账户权益: 295.93 USDT
2026-05-24 11:23:46,245 - INFO - 初始化完成
2026-05-24 11:23:46,893 - INFO - 市场评分: 24.5
2026-05-24 11:23:47,167 - INFO - 权益=295.93 回撤=0.0% 熔断=False
2026-05-24 11:24:47,819 - INFO - 市场评分: 24.6
2026-05-24 11:24:48,095 - INFO - 权益=296.82 回撤=0.0% 熔断=False
2026-05-24 11:25:39,756 - WARNING - okx requires to release all resources with an explicit call to the .close() coroutine. If you are using the exchange instance with async coroutines, add `await exchange.close()` to your code into a place when you're done with the exchange and don't need the exchange instance anymore (at the end of your async coroutine).
2026-05-24 11:25:39,759 - ERROR - Unclosed client session
client_session: <aiohttp.client.ClientSession object at 0x7e0aac9eb170>
2026-05-24 11:25:41,319 - INFO - Alpha V10.6 启动
2026-05-24 11:25:41,330 - INFO - 交易所连接成功
2026-05-24 11:25:42,493 - INFO - 交易所返回持仓数: 1
2026-05-24 11:25:42,500 - INFO - 对账完成
2026-05-24 11:25:42,765 - INFO - 账户权益: 296.82 USDT
2026-05-24 11:25:42,766 - INFO - 初始化完成
2026-05-24 11:25:43,409 - INFO - 市场评分: 24.6
2026-05-24 11:25:43,683 - INFO - 权益=296.82 回撤=0.0% 熔断=False
2026-05-24 11:26:44,338 - INFO - 市场评分: 24.6
2026-05-24 11:26:44,605 - INFO - 权益=297.94 回撤=0.0% 熔断=False
2026-05-24 11:27:45,261 - INFO - 市场评分: 24.6
2026-05-24 11:27:45,538 - INFO - 权益=297.72 回撤=0.07% 熔断=False
2026-05-24 11:28:46,247 - INFO - 市场评分: 24.6
2026-05-24 11:28:46,520 - INFO - 权益=298.16 回撤=0.0% 熔断=False
2026-05-24 11:29:47,223 - INFO - 市场评分: 24.6
2026-05-24 11:29:47,490 - INFO - 权益=297.49 回撤=0.22% 熔断=False
2026-05-24 11:30:48,171 - INFO - 市场评分: 24.5
2026-05-24 11:30:48,452 - INFO - 权益=297.27 回撤=0.3% 熔断=False
2026-05-24 11:31:49,101 - INFO - 市场评分: 24.6
2026-05-24 11:31:49,376 - INFO - 权益=296.82 回撤=0.45% 熔断=False
2026-05-24 11:32:50,045 - INFO - 市场评分: 24.5
2026-05-24 11:32:50,314 - INFO - 权益=295.93 回撤=0.75% 熔断=False
2026-05-24 11:33:50,991 - INFO - 市场评分: 24.6
2026-05-24 11:33:51,263 - INFO - 权益=296.38 回撤=0.6% 熔断=False
2026-05-24 11:34:51,915 - INFO - 市场评分: 24.5
2026-05-24 11:34:52,183 - INFO - 权益=295.26 回撤=0.97% 熔断=False
2026-05-24 11:35:52,838 - INFO - 市场评分: 24.5
2026-05-24 11:35:53,108 - INFO - 权益=294.59 回撤=1.2% 熔断=False
2026-05-24 11:36:53,771 - INFO - 市场评分: 24.4
2026-05-24 11:36:54,036 - INFO - 权益=294.15 回撤=1.35% 熔断=False
2026-05-24 11:37:54,693 - INFO - 市场评分: 24.4
2026-05-24 11:37:54,970 - INFO - 权益=293.26 回撤=1.65% 熔断=False
2026-05-24 11:38:55,624 - INFO - 市场评分: 24.3
2026-05-24 11:38:55,888 - INFO - 权益=291.03 回撤=2.39% 熔断=False
2026-05-24 11:39:56,547 - INFO - 市场评分: 24.3
2026-05-24 11:39:56,822 - INFO - 权益=291.92 回撤=2.09% 熔断=False
